[INFO] Loaded library "/usr/lib/argos3/libargos3plugin_simulator_entities.so"
[INFO] Loaded library "/usr/lib/argos3/libargos3plugin_simulator_eyebot.so"
[INFO] Loaded library "/usr/lib/argos3/libargos3core_simulator.so"
[INFO] Loaded library "/usr/lib/argos3/libargos3plugin_simulator_dynamics2d.so"
[INFO] Loaded library "/usr/lib/argos3/libargos3plugin_simulator_footbot.so"
[INFO] Loaded library "/usr/lib/argos3/libargos3plugin_simulator_dynamics3d.so"
[INFO] Loaded library "/usr/lib/argos3/libargos3plugin_simulator_qtopengl.so"
[INFO] Loaded library "/usr/lib/argos3/libargos3plugin_simulator_epuck.so"
[INFO] Loaded library "/usr/lib/argos3/libargos3plugin_simulator_buzz.so"
[INFO] Loaded library "/usr/lib/argos3/libargos3plugin_simulator_kheperaiv.so"
[INFO] Loaded library "/usr/lib/argos3/libargos3plugin_simulator_media.so"
[INFO] Loaded library "/usr/lib/argos3/libargos3plugin_simulator_prototype.so"
[INFO] Loaded library "/usr/lib/argos3/libargos3plugin_simulator_spiri.so"
[INFO] Loaded library "/usr/lib/argos3/libargos3plugin_simulator_genericrobot.so"
[INFO] Loaded library "/usr/lib/argos3/libargos3plugin_simulator_pointmass3d.so"
[INFO] Using 8 parallel threads
[INFO]   Chosen method "balance_quantity": threads will be assigned the same
[INFO]   number of tasks, independently of the task length.
[INFO] Using random seed = 90
[INFO] Using simulation clock tick = 0.1
[INFO] Total experiment length in clock ticks = 100
[INFO] Loaded library "./loop_funcs/build/libSwarmProject.so"
[INFO] The physics engine "dyn2d" will perform 10 iterations per tick (dt = 0.01 sec)
[INFO] No visualization selected.
BUZZ: 1|9|{"X":0.25,"Y":0.25,"role":"cooperator","dropped_pheromone":"home","last_poi_timestamp":0,"patience":1}
BUZZ: 1|6|{"X":0.11,"Y":-0.31,"role":"cooperator","dropped_pheromone":"home","last_poi_timestamp":0,"patience":1}
BUZZ: 1|3|{"X":-0.0300002,"Y":0.11,"role":"cooperator","dropped_pheromone":"home","last_poi_timestamp":0,"patience":1}
BUZZ: 1|5|{"X":-0.17,"Y":-0.0300002,"role":"cooperator","dropped_pheromone":"home","last_poi_timestamp":0,"patience":1}
BUZZ: 2|10|{"X":-0.31,"Y":-0.0300002,"role":"cooperator","dropped_pheromone":"home","last_poi_timestamp":0,"patience":1}
BUZZ: 2|7|{"X":-0.17,"Y":0.25,"role":"cooperator","dropped_pheromone":"home","last_poi_timestamp":0,"patience":1}
BUZZ: 3|6|{"X":0.11,"Y":-0.17,"role":"cooperator","dropped_pheromone":"home","last_poi_timestamp":0,"patience":1}
BUZZ: 3|11|{"X":0.25,"Y":-0.31,"role":"cooperator","dropped_pheromone":"home","last_poi_timestamp":0,"patience":1}
BUZZ: 3|4|{"X":0.11,"Y":-0.0300002,"role":"cooperator","dropped_pheromone":"home","last_poi_timestamp":0,"patience":1}
BUZZ: 3|1|{"X":0.25,"Y":-0.17,"role":"cooperator","dropped_pheromone":"home","last_poi_timestamp":0,"patience":1}
BUZZ: 3|7|{"X":-0.31,"Y":0.25,"role":"cooperator","dropped_pheromone":"home","last_poi_timestamp":0,"patience":1}
BUZZ: 3|5|{"X":-0.0300002,"Y":-0.0300002,"role":"cooperator","dropped_pheromone":"home","last_poi_timestamp":1,"patience":1}
BUZZ: 4|2|{"X":-0.31,"Y":-0.31,"role":"cooperator","dropped_pheromone":"home","last_poi_timestamp":0,"patience":1}
BUZZ: 4|0|{"X":0.25,"Y":0.11,"role":"cooperator","dropped_pheromone":"home","last_poi_timestamp":0,"patience":1}
BUZZ: 5|2|{"X":-0.17,"Y":-0.31,"role":"cooperator","dropped_pheromone":"home","last_poi_timestamp":0,"patience":1}
BUZZ: 5|10|{"X":-0.17,"Y":-0.0300002,"role":"cooperator","dropped_pheromone":"home","last_poi_timestamp":0,"patience":1}
BUZZ: 5|4|{"X":0.25,"Y":-0.0300002,"role":"cooperator","dropped_pheromone":"home","last_poi_timestamp":3,"patience":1}
BUZZ: 5|11|{"X":0.11,"Y":-0.31,"role":"cooperator","dropped_pheromone":"home","last_poi_timestamp":0,"patience":1}
BUZZ: 5|7|{"X":-0.31,"Y":0.39,"role":"cooperator","dropped_pheromone":"home","last_poi_timestamp":0,"patience":1}
BUZZ: 5|1|{"X":0.39,"Y":-0.17,"role":"cooperator","dropped_pheromone":"home","last_poi_timestamp":0,"patience":1}
BUZZ: 6|0|{"X":0.39,"Y":0.11,"role":"cooperator","dropped_pheromone":"home","last_poi_timestamp":4,"patience":1}
BUZZ: 6|9|{"X":0.11,"Y":0.25,"role":"cooperator","dropped_pheromone":"home","last_poi_timestamp":0,"patience":1}
BUZZ: 6|8|{"X":BUZZ: 6|10|{"X":-0.0300002,"Y":-0.0300002,"role":"cooperator","dropped_pheromone":"home","last_poi_timestamp":5,"patience":}
-0.17,"Y":-0.17,"role":"cooperator","dropped_pheromone":"home","last_poi_timestamp":0,"patience":1}
BUZZ: 6|6|{"X":-0.0300002,"Y":-0.17,"role":"cooperator","dropped_pheromone":"home","last_poi_timestamp":3,"patience":1}
BUZZ: 6|3|{"X":-0.0300002,"Y":0.25,"role":"cooperator","dropped_pheromone":"home","last_poi_timestamp":1,"patience":1}
BUZZ: 6|5|{"X":-0.0300002,"Y":0.11,"role":"cooperator","dropped_pheromone":"home","last_poi_timestamp":3,"patience":1}
BUZZ: 7|4|{"X":0.39,"Y":-0.17,"role":"cooperator","dropped_pheromone":"home","last_poi_timestamp":5,"patience":1}
BUZZ: 7|10|{"X":BUZZ: 7|11|{"X":0.11,"Y":-0.0300002,"role":"cooperator","dropped_pheromone":"home","last_poi_timestamp":6,"patience":1}
-0.0300002,"Y":-0.17,"role":"cooperator","dropped_pheromone":"home","last_poi_timestamp":0,"patience":1}
BUZZ: 7|2|{"X":-0.17,"Y":-0.45,"role":"cooperator","dropped_pheromone":"home","last_poi_timestamp":0,"patience":1}
BUZZ: 7|0|{"X":0.53,"Y":0.11,"role":"cooperator","dropped_pheromone":"home","last_poi_timestamp":4,"patience":1}
BUZZ: 7|7|{"X":-0.31,"Y":0.53,"role":"cooperator","dropped_pheromone":"home","last_poi_timestamp":0,"patience":1}
BUZZ: 7|1|{"X":0.53,"Y":-0.17,"role":"cooperator","dropped_pheromone":"home","last_poi_timestamp":0,"patience":1}
BUZZ: 8|6|{"X":-0.17,"Y":-0.17,"role":"cooperator","dropped_pheromone":"home","last_poi_timestamp":6,"patience":1}
BUZZ: 8|8|{"X":-0.31,"Y":-0.17,"role":"cooperator","dropped_pheromone":"home","last_poi_timestamp":6,"patience":1}
BUZZ: 8|10|{"X":0.11,"Y":0.11,"role":"cooperator","dropped_pheromone":"home","last_poi_timestamp":7,"patience":1}
BUZZ: 8|0|{"X":0.53,"Y":0.25,"role":"cooperator","dropped_pheromone":"home","last_poi_timestamp":4,"patience":1}
BUZZ: 8|3|{"X":-0.0300002,"Y":0.39,"role":"cooperator","dropped_pheromone":"home","last_poi_timestamp":6,"patience":1}
BUZZ: 8|7|{"X":-0.31,"Y":0.67,"role":"cooperator","dropped_pheromone":"home","last_poi_timestamp":0,"patience":1}
BUZZ: 8|1|{"X":0.67,"Y":-0.31,"role":"cooperator","dropped_pheromone":"home","last_poi_timestamp":0,"patience":1}
BUZZ: 9|4|{"X":0.53,"Y":-0.17,"role":"cooperator","dropped_pheromone":"home","last_poi_timestamp":5,"patience":1}
BUZZ: 9|8|{"X":-0.45,"Y":-0.17,"role":"cooperator","dropped_pheromone":"home","last_poi_timestamp":6,"patience":1}
BUZZ: 9|2|{"X":-0.17,"Y":-0.59,"role":"cooperator","dropped_pheromone":"home","last_poi_timestamp":0,"patience":1}
BUZZ: 9|6|{"X":-0.31,"Y":-0.17,"role":"cooperator","dropped_pheromone":"home","last_poi_timestamp":8,"patience":1}
BUZZ: 9|9|{"X":0.11,"Y":BUZZ: 9|11|{"X":-0.17,"Y":-0.17,"role":"cooperator","dropped_pheromone":"home","last_poi_timestamp":7,"patience":1}
"cooperator","dropped_pheromone":"home","last_poi_timestamp":6,"patience":1}
BUZZ: 9|5|{"X":-0.0300002,"Y":0.25,"role":"cooperator","dropped_pheromone":"home","last_poi_timestamp":6,"patience":1}
BUZZ: 10|0|{"X":0.67,"Y":0.25,"role":"cooperator","dropped_pheromone":"home","last_poi_timestamp":4,"patience":1}
BUZZ: 10|10|{"X":0.25,"Y":0.11,"role":"cooperator","dropped_pheromone":"home","last_poi_timestamp":8,"patience":1}
BUZZ: 10|6|{"X":-0.45,"Y":-0.17,"role":"cooperator","dropped_pheromone":"home","last_poi_timestamp":8,"patience":1}
BUZZ: 10|4|{"X":0.67,"Y":-0.17,"role":"cooperator","dropped_pheromone":"home","last_poi_timestamp":5,"patience":1}
BUZZ: 10|8|{"X":-0.59,"Y":-0.17,"role":"cooperator","dropped_pheromone":"home","last_poi_timestamp":6,"patience":1}
BUZZ: 10|3|{"X":-0.0300002,"Y":0.53,"role":"cooperator","dropped_pheromone":"home","last_poi_timestamp":6,"patience":1}
BUZZ: 10|1|{"X":0.81,"Y":-0.31,"role":"cooperator","dropped_pheromone":"home","last_poi_timestamp":0,"patience":1}
BUZZ: 10|7|{"X":-0.31,"Y":0.81,"role":"cooperator","dropped_pheromone":"home","last_poi_timestamp":0,"patience":1}
BUZZ: 11|11|{"X":-0.31,"Y":-0.17,"role":"cooperator","dropped_pheromone":"home","last_poi_timestamp":9,"patience":1}
BUZZ: 11|0|{"X":0.81,"Y":0.25,"role":"cooperator","dropped_pheromone":"home","last_poi_timestamp":4,"patience":1}
BUZZ: 11|6|{"X":-0.45,"Y":-0.0300002,"role":"cooperator","dropped_pheromone":"home","last_poi_timestamp":8,"patience":1}
BUZZ: 11|4|{"X":0.67,"Y":-0.31,"role":"cooperator","dropped_pheromone":"home","last_poi_timestamp":5,"patience":1}
BUZZ: 11|2|{"X":-0.0300002,"Y":-0.73,"role":"cooperator","dropped_pheromone":"home","last_poi_timestamp":0,"patience":1}
BUZZ: 11|8|{"X":-0.59,"Y":-0.0300002,"role":"cooperator","dropped_pheromone":"home","last_poi_timestamp":6,"patience":1}
BUZZ: 11|3|{"X":-0.0300002,"Y":0.67,"role":"cooperator","dropped_pheromone":"home","last_poi_timestamp":6,"patience":1}
BUZZ: 11|5|{"X":-0.0300002,"Y":0.39,"role":"cooperator","dropped_pheromone":"home","last_poi_timestamp":9,"patience":1}
BUZZ: 12|4|{"X":0.81,"Y":-0.31,"role":"cooperator","dropped_pheromone":"home","last_poi_timestamp":5,"patience":1}
BUZZ: 12|9|{"X":0.11,"Y":0.53,"role":"cooperator","dropped_pheromone":"home","last_poi_timestamp":6,"patience":1}
BUZZ: 12|7|{"X":-0.31,"Y":0.95,"role":"cooperator","dropped_pheromone":"home","last_poi_timestamp":0,"patience":1}
BUZZ: 12|1|{"X":0.95,"Y":-0.31,"role":"cooperator","dropped_pheromone":"home","last_poi_timestamp":0,"patience":1}
BUZZ: BUZZ: 13|8|{"X":-0.73,"Y":-0.0300002,"role":"cooperator","dropped_pheromone":"home","last_poi_timestamp":6,"patience":1}
13|0|{"X":0.95,"Y":0.25,"role":"cooperator","dropped_pheromone":"home","last_poi_timestamp":4,"patience":1}
BUZZ: 13|11|{"X":-0.45,"Y":-0.17,"role":"cooperator","dropped_pheromone":"home","last_poi_timestamp":9,"patience":1}
BUZZ: 13|10|{"X":0.39,"Y":0.25,"role":"cooperator","dropped_pheromone":"home","last_poi_timestamp":10,"patience":1}
BUZZ: 13|2|{"X":-0.0300002,"Y":-0.87,"role":"cooperator","dropped_pheromone":"home","last_poi_timestamp":0,"patience":1}
BUZZ: 13|6|{"X":-0.59,"Y":-0.0300002,"role":"cooperator","dropped_pheromone":"home","last_poi_timestamp":8,"patience":1}
BUZZ: 13|5|{"X":-0.0300002,"Y":0.53,"role":"cooperator","dropped_pheromone":"home","last_poi_timestamp":9,"patience":1}
BUZZ: 13|3|{"X":0.11,"Y":0.67,"role":"cooperator","dropped_pheromone":"home","last_poi_timestamp":6,"patience":1}
BUZZ: 14|4|{"X":0.95,"Y":-0.31,"role":"cooperator","dropped_pheromone":"home","last_poi_timestamp":5,"patience":1}
BUZZ: 14|2|{"X":0.11,"Y":-1.01,"role":"cooperator","dropped_pheromone":"home","last_poi_timestamp":0,"patience":1}
BUZZ: 14|7|{"X":-0.45,"Y":1.09,"role":"cooperator","dropped_pheromone":"home","last_poi_timestamp":0,"patience":1}
BUZZ: 14|1|{"X":1.09,"Y":-0.45,"role":"cooperator","dropped_pheromone":"home","last_poi_timestamp":0,"patience":1}
BUZZ: 14|3|{"X":0.11,"Y":0.81,"role":"cooperator","dropped_pheromone":"home","last_poi_timestamp":6,"patience":1}
BUZZ: 14|5|{"X":-0.0300002,"Y":0.67,"role":"cooperator","dropped_pheromone":"home","last_poi_timestamp":9,"patience":1}
BUZZ: 15|6|{"X":-0.73,"Y":-0.0300002,"role":"cooperator","dropped_pheromone":"home","last_poi_timestamp":8,"patience":1}
BUZZ: 15|0|{"X":1.09,"Y":0.25,"role":"cooperator","dropped_pheromone":"home","last_poi_timestamp":4,"patience":1}
BUZZ: 15|10|{"X":0.53,"Y":0.39,"role":"cooperator","dropped_pheromone":"home","last_poi_timestamp":10,"patience":1}
BUZZ: 15|8|{"X":-0.87,"Y":-0.0300002,"role":"cooperator","dropped_pheromone":"home","last_poi_timestamp":6,"patience":1}
BUZZ: 15|11|{"X":-0.59,"Y":-0.0300002,"role":"cooperator","dropped_pheromone":"home","last_poi_timestamp":9,"patience":1}
BUZZ: 15|3|{"X":0.25,"Y":0.81,"role":"cooperator","dropped_pheromone":"home","last_poi_timestamp":6,"patience":1}
BUZZ: 16|4|{"X":1.09,"Y":-0.31,"role":"cooperator","dropped_pheromone":"home","last_poi_timestamp":5,"patience":1}
BUZZ: 16|2|{"X":0.11,"Y":-1.15,"role":"cooperator","dropped_pheromone":"home","last_poi_timestamp":0,"patience":1}
BUZZ: 16|10|{"X":0.67,"Y":0.39,"role":"cooperator","dropped_pheromone":"home","last_poi_timestamp":10,"patience":1}
BUZZ: 16|7|{"X":-0.45,"Y":1.23,"role":"cooperator","dropped_pheromone":"home","last_poi_timestamp":0,"patience":1}
BUZZ: 16|1|{"X":1.23,"Y":-0.45,"role":"cooperator","dropped_pheromone":"home","last_poi_timestamp":0,"patience":1}
BUZZ: 16|5|{"X":-0.0300002,"Y":0.81,"role":"cooperator","dropped_pheromone":"home","last_poi_timestamp":9,"patience":1}
BUZZ: 16|3|{"X":0.25,"Y":0.95,"role":"cooperator","dropped_pheromone":"home","last_poi_timestamp":6,"patience":1}
BUZZ: 17|8|{"X":-1.01,"Y":-0.0300002,"role":"cooperator","dropped_pheromone":"home","last_poi_timestamp":6,"patience":1}
BUZZ: 17|0|{"X":1.23,"Y":0.25,"role":"cooperator","dropped_pheromone":"home","last_poi_timestamp":4,"patience":1}
BUZZ: 17|11|{"X":-0.73,"Y":-0.0300002,"role":"cooperator","dropped_pheromone":"home","last_poi_timestamp":9,"patience":BUZZ: 17|10|{"X":0.67,"Y":0.53,"role":"cooperator","dropped_pheromone":"home","last_poi_timestamp":10,"patience":1}
BUZZ: 17|9|{"X":0.11,"Y":0.67,"role":"cooperator","dropped_pheromone":"home","last_poi_timestamp":6,"patience":1}
BUZZ: 17|6|{"X":-0.87,"Y":-0.0300002,"role":"cooperator","dropped_pheromone":"home","last_poi_timestamp":8,"patience":1}
BUZZ: 17|5|{"X":-0.0300002,"Y":0.95,"role":"cooperator","dropped_pheromone":"home","last_poi_timestamp":9,"patience":1}
BUZZ: 17|7|{"X":-0.45,"Y":1.37,"role":"cooperator","dropped_pheromone":"home","last_poi_timestamp":0,"patience":1}
BUZZ: 18|0|{"X":BUZZ: 18|11|{"X":-0.87,"Y":-0.0300002,"role":"cooperator","dropped_pheromone":"home","last_poi_timestamp":9,"patience":1}
1.37,"Y":0.25,"role":"cooperator","dropped_pheromone":"home","last_poi_timestamp":4,"patience":1}
BUZZ: 18|4|{"X":1.23,"Y":-0.31,"role":"cooperator","dropped_pheromone":"home","last_poi_timestamp":5,"patience":1}
BUZZ: 18|2|{"X":0.11,"Y":-1.29,"role":"cooperator","dropped_pheromone":"home","last_poi_timestamp":0,"patience":1}
BUZZ: 18|1|{"X":1.37,"Y":-0.45,"role":"cooperator","dropped_pheromone":"home","last_poi_timestamp":0,"patience":1}
BUZZ: 18|3|{"X":0.39,"Y":0.95,"role":"cooperator","dropped_pheromone":"home","last_poi_timestamp":6,"patience":1}
BUZZ: 18|7|{"X":-0.59,"Y":1.37,"role":"cooperator","dropped_pheromone":"home","last_poi_timestamp":0,"patience":1}
BUZZ: 18|5|{"X":0.11,"Y":0.95,"role":"cooperator","dropped_pheromone":"home","last_poi_timestamp":9,"patience":1}
BUZZ: 19|8|{"X":-1.15,"Y":0.11,"role":"cooperator","dropped_pheromone":"home","last_poi_timestamp":6,"patience":1}
BUZZ: 19|6|{"X":-1.01,"Y":0.11,"role":"cooperator","dropped_pheromone":"home","last_poi_timestamp":8,"patience":1}
BUZZ: 19|0|{"X":1.51,"Y":0.25,"role":"cooperator","dropped_pheromone":"home","last_poi_timestamp":4,"patience":1}
BUZZ: 19|10|{"X":0.81,"Y":0.53,"role":"cooperator","dropped_pheromone":"home","last_poi_timestamp":10,"patience":1}
BUZZ: 19|9|{"X":-0.0300002,"Y":0.53,"role":"cooperator","dropped_pheromone":"home","last_poi_timestamp":6,"patience":1}
BUZZ: 19|7|{"X":-0.59,"Y":1.51,"role":"cooperator","dropped_pheromone":"home","last_poi_timestamp":0,"patience":1}
BUZZ: 19|3|{"X":0.39,"Y":1.09,"role":"cooperator","dropped_pheromone":"home","last_poi_timestamp":6,"patience":1}
BUZZ: 19|1|{"X":1.51,"Y":-0.45,"role":"cooperator","dropped_pheromone":"home","last_poi_timestamp":0,"patience":1}
BUZZ: 20|6|{"X":-1.15,"Y":0.11,"role":"cooperator","dropped_pheromone":"home","last_poi_timestamp":8,"patience":1}
BUZZ: 20|8|{"X":-1.29,"Y":0.11,"role":"cooperator","dropped_pheromone":"home","last_poi_timestamp":6,"patience":1}
BUZZ: 20|0|{"X":1.51,"Y":0.11,"role":"cooperator","dropped_pheromone":"home","last_poi_timestamp":4,"patience":1}
BUZZ: 20|9|{"X":-0.17,"Y":0.53,"role":"cooperator","dropped_pheromone":"home","last_poi_timestamp":6,"patience":1}
BUZZ: 20|11|{"X":-1.01,"Y":-0.0300002,"role":"cooperator","dropped_pheromone":"home","last_poi_timestamp":9,"patience":1}
BUZZ: 20|4|{"X":1.37,"Y":-0.31,"role":"cooperator","dropped_pheromone":"home","last_poi_timestamp":5,"patience":1}
BUZZ: 20|2|{"X":0.11,"Y":-1.43,"role":"cooperator","dropped_pheromone":"home","last_poi_timestamp":0,"patience":1}
BUZZ: 20|3|{"X":0.53,"Y":1.09,"role":"cooperator","dropped_pheromone":"home","last_poi_timestamp":6,"patience":1}
BUZZ: 20|5|{"X":0.11,"Y":1.09,"role":"cooperator","dropped_pheromone":"home","last_poi_timestamp":9,"patience":1}
BUZZ: 21|2|{"X":0.11,"Y":-1.57,"role":"cooperator","dropped_pheromone":"home","last_poi_timestamp":0,"patience":1}
BUZZ: 21|9|{"X":-0.17,"Y":0.39,"role":"cooperator","dropped_pheromone":"home","last_poi_timestamp":6,"patience":1}
BUZZ: 21|4|{"X":1.51,"Y":-0.45,"role":"cooperator","dropped_pheromone":"home","last_poi_timestamp":5,"patience":1}
BUZZ: 21|10|{"X":0.95,"Y":0.67,"role":"cooperator","dropped_pheromone":"home","last_poi_timestamp":10,"patience":1}
BUZZ: 21|7|{"X":-0.59,"Y":1.65,"role":"cooperator","dropped_pheromone":"home","last_poi_timestamp":0,"patience":1}
BUZZ: 21|1|{"X":1.65,"Y":-0.45,"role":"cooperator","dropped_pheromone":"home","last_poi_timestamp":0,"patience":1}
BUZZ: 22|8|{"X":-1.43,"Y":0.11,"role":"cooperator","dropped_pheromone":"home","last_poi_timestamp":6,"patience":1}
BUZZ: 22|9|{"X":-0.31,"Y":0.39,"role":"cooperator","dropped_pheromone":"home","last_poi_timestamp":6,"patience":1}
BUZZ: 22|10|{"X":1.09,"Y":0.67,"role":"cooperator","dropped_pheromone":"home","last_poi_timestamp":10,"patience":1}
BUZZ: 22|11|{"X":-1.15,"Y":0.11,"role":"cooperator","dropped_pheromone":"home","last_poi_timestamp":9,"patience":1}
BUZZ: 22|0|{"X":1.65,"Y":0.11,"role":"cooperator","dropped_pheromone":"home","last_poi_timestamp":4,"patience":1}
BUZZ: 22|6|{"X":-1.29,"Y":0.11,"role":"cooperator","dropped_pheromone":"home","last_poi_timestamp":8,"patience":1}
BUZZ: 22|3|{"X":0.53,"Y":1.23,"role":"cooperator","dropped_pheromone":"home","last_poi_timestamp":6,"patience":1}
BUZZ: 22|5|{"X":0.11,"Y":1.23,"role":"cooperator","dropped_pheromone":"home","last_poi_timestamp":9,"patience":1}
BUZZ: 23|4|{"X":1.65,"Y":-0.45,"role":"cooperator","dropped_pheromone":"home","last_poi_timestamp":5,"patience":1}
BUZZ: 23|2|{"X":0.11,"Y":-1.71,"role":"cooperator","dropped_pheromone":"home","last_poi_timestamp":0,"patience":1}
BUZZ: 23|6|{"X":-1.43,"Y":0.11,"role":"cooperator","dropped_pheromone":"home","last_poi_timestamp":8,"patience":1}
BUZZ: 23|10|{"X":1.09,"Y":0.81,"role":"cooperator","dropped_pheromone":"home","last_poi_timestamp":10,"patience":1}
BUZZ: 23|1|{"X":1.79,"Y":-0.45,"role":"cooperator","dropped_pheromone":"home","last_poi_timestamp":0,"patience":1}
BUZZ: 23|3|{"X":0.53,"Y":1.37,"role":"cooperator","dropped_pheromone":"home","last_poi_timestamp":6,"patience":1}
BUZZ: 23|5|{"X":0.11,"Y":1.37,"role":"cooperator","dropped_pheromone":"home","last_poi_timestamp":9,"patience":1}
BUZZ: 23|7|{"X":-0.59,"Y":1.79,"role":"cooperator","dropped_pheromone":"home","last_poi_timestamp":0,"patience":1}
BUZZ: 24|0|{"X":1.79,"Y":0.11,"role":"cooperator","dropped_pheromone":"home","last_poi_timestamp":4,"patience":1}
BUZZ: 24|9|{"X":-0.31,"Y":0.25,"role":"cooperator","dropped_pheromone":"home","last_poi_timestamp":6,"patience":1}
BUZZ: 24|2|{"X":0.11,"Y":-1.85,"role":"cooperator","dropped_pheromone":"home","last_poi_timestamp":0,"patience":1}
BUZZ: 24|11|{"X":-1.29,"Y":0.11,"role":"cooperator","dropped_pheromone":"home","last_poi_timestamp":9,"patience":1}
BUZZ: 24|3|{"X":0.67,"Y":1.37,"role":"cooperator","dropped_pheromone":"home","last_poi_timestamp":6,"patience":1}
BUZZ: 25|6|{"X":-1.43,"Y":0.25,"role":"cooperator","dropped_pheromone":"home","last_poi_timestamp":8,"patience":1}
BUZZ: 25|4|{"X":1.79,"Y":-0.45,"role":"cooperator","dropped_pheromone":"home","last_poi_timestamp":5,"patience":1}
BUZZ: 25|2|{"X":0.25,"Y":-1.85,"role":"cooperator","dropped_pheromone":"home","last_poi_timestamp":0,"patience":1}
BUZZ: 25|8|{"X":-1.57,"Y":0.25,"role":"cooperator","dropped_pheromone":"home","last_poi_timestamp":6,"patience":1}
BUZZ: 25|7|{"X":-0.59,"Y":1.93,"role":"cooperator","dropped_pheromone":"home","last_poi_timestamp":0,"patience":1}
BUZZ: 25|1|{"X":1.93,"Y":-0.45,"role":"cooperator","dropped_pheromone":"home","last_poi_timestamp":0,"patience":1}
BUZZ: 25|5|{"X":0.11,"Y":1.51,"role":"cooperator","dropped_pheromone":"home","last_poi_timestamp":9,"patience":1}
BUZZ: 26|4|{"X":1.93,"Y":-0.45,"role":"cooperator","dropped_pheromone":"home","last_poi_timestamp":5,"patience":1}
BUZZ: 26|11|{"X":-1.43,"Y":0.11,"role":"cooperator","dropped_pheromone":"home","last_poi_timestamp":9,"patience":1}
BUZZ: 26|10|{"X":1.23,"Y":0.81,"role":"cooperator","dropped_pheromone":"home","last_poi_timestamp":10,"patience":1}
BUZZ: 26|0|{"X":1.93,"Y":-0.0300002,"role":"cooperator","dropped_pheromone":"home","last_poi_timestamp":4,"patience":1}
BUZZ: 26|6|{"X":-1.57,"Y":0.25,"role":"cooperator","dropped_pheromone":"home","last_poi_timestamp":8,"patience":1}
BUZZ: 26|9|{"X":-0.45,"Y":0.11,"role":"cooperator","dropped_pheromone":"home","last_poi_timestamp":6,"patience":1}
BUZZ: 26|7|{"X":-0.59,"Y":2.07,"role":"cooperator","dropped_pheromone":"home","last_poi_timestamp":0,"patience":1}
BUZZ: 26|3|{"X":0.67,"Y":1.51,"role":"cooperator","dropped_pheromone":"home","last_poi_timestamp":6,"patience":1}
BUZZ: 26|1|{"X":2.07,"Y":-0.45,"role":"cooperator","dropped_pheromone":"home","last_poi_timestamp":0,"patience":1}
BUZZ: 27|8|{"X":-1.71,"Y":0.39,"role":"cooperator","dropped_pheromone":"home","last_poi_timestamp":6,"patience":1}
BUZZ: 27|2|{"X":0.25,"Y":-1.99,"role":"cooperator","dropped_pheromone":"home","last_poi_timestamp":0,"patience":1}
BUZZ: 27|9|{"X":-0.45,"Y":-0.0300002,"role":"cooperator","dropped_pheromone":"home","last_poi_timestamp":6,"patience":1}
BUZZ: 27|6|{"X":BUZZ: 27|11|{"X":-1.57,"Y":0.11,"role":"cooperator","dropped_pheromone":"home","last_poi_timestamp":9,"patience":1}
0.39,"role":"cooperator","dropped_pheromone":"home","last_poi_timestamp":8,"patience":1}
BUZZ: 27|4|{"X":1.93,"Y":-0.59,"role":"cooperator","dropped_pheromone":"home","last_poi_timestamp":5,"patience":1}
BUZZ: 27|5|{"X":0.11,"Y":1.65,"role":"cooperator","dropped_pheromone":"home","last_poi_timestamp":9,"patience":1}
BUZZ: 27|7|{"X":-0.73,"Y":2.07,"role":"cooperator","dropped_pheromone":"home","last_poi_timestamp":0,"patience":1}
BUZZ: 28|2|{"X":0.25,"Y":-2.13,"role":"cooperator","dropped_pheromone":"home","last_poi_timestamp":0,"patience":1}
BUZZ: 28|0|{"X":2.07,"Y":-0.0300002,"role":"cooperator","dropped_pheromone":"home","last_poi_timestamp":4,"patience":1}
BUZZ: 28|9|{"X":-0.59,"Y":-0.0300002,"role":"cooperator","dropped_pheromone":"home","last_poi_timestamp":6,"patience":1}
BUZZ: 28|11|{"X":-1.57,"Y":0.25,"role":"cooperator","dropped_pheromone":"home","last_poi_timestamp":9,"patience":1}
BUZZ: 28|10|{"X":1.37,"Y":0.95,"role":"cooperator","dropped_pheromone":"home","last_poi_timestamp":10,"patience":1}
BUZZ: 28|3|{"X":0.81,"Y":1.65,"role":"cooperator","dropped_pheromone":"home","last_poi_timestamp":6,"patience":1}
BUZZ: 28|7|{"X":-0.73,"Y":2.21,"role":"cooperator","dropped_pheromone":"home","last_poi_timestamp":0,"patience":1}
BUZZ: 28|1|{"X":2.21,"Y":-0.45,"role":"cooperator","dropped_pheromone":"home","last_poi_timestamp":0,"patience":1}
BUZZ: 29|8|{"X":-1.85,"Y":0.39,"role":"cooperator","dropped_pheromone":"home","last_poi_timestamp":6,"patience":1}
BUZZ: 29|10|{"X":1.51,"Y":0.95,"role":"cooperator","dropped_pheromone":"home","last_poi_timestamp":10,"patience":1}
BUZZ: 29|BUZZ: 29|11|{"X":-1.71,"Y":0.25,"role":"cooperator","dropped_pheromone":"home","last_poi_timestamp":9,"patience":1}
|{"X":-1.71,"Y":0.39,"role":"cooperator","dropped_pheromone":"home","last_poi_timestamp":8,"patience":1}
BUZZ: 29|4|{"X":2.07,"Y":-0.59,"role":"cooperator","dropped_pheromone":"home","last_poi_timestamp":5,"patience":1}
BUZZ: 29|2|{"X":0.39,"Y":-2.13,"role":"cooperator","dropped_pheromone":"home","last_poi_timestamp":0,"patience":1}
BUZZ: 29|1|{"X":2.35,"Y":-0.31,"role":"cooperator","dropped_pheromone":"home","last_poi_timestamp":0,"patience":1}
BUZZ: 29|5|{"X":0.11,"Y":1.79,"role":"cooperator","dropped_pheromone":"home","last_poi_timestamp":9,"patience":1}
BUZZ: 29|3|{"X":0.81,"Y":1.79,"role":"cooperator","dropped_pheromone":"home","last_poi_timestamp":6,"patience":1}
BUZZ: 30|0|{"X":2.21,"Y":-0.17,"role":"cooperator","dropped_pheromone":"home","last_poi_timestamp":4,"patience":1}
BUZZ: 30|4|{"X":2.21,"Y":-0.59","dropped_pheromone":"home","last_poi_timestamp":5,"patience":1}
BUZZ: 30|10|{"X":1.51,"Y":1.09,"role":"cooperator","dropped_pheromone":"home","last_poi_timestamp":10,"patience":1}
BUZZ: 30|9|{"X":-0.59,"Y":-0.17,"role":"cooperator","dropped_pheromone":"home","last_poi_timestamp":6,"patience":1}
BUZZ: 30|3|{"X":0.95,"Y":1.79,"role":"cooperator","dropped_pheromone":"home","last_poi_timestamp":6,"patience":1}
BUZZ: 30|1|{"X":2.35,"Y":-0.45,"role":"cooperator","dropped_pheromone":"home","last_poi_timestamp":0,"patience":1}
BUZZ: 30|5|{"X":0.11,"Y":1.93,"role":"cooperator","dropped_pheromone":"home","last_poi_timestamp":9,"patience":1}
BUZZ: 30|7|{"X":-0.73,"Y":2.35,"role":"cooperator","dropped_pheromone":"home","last_poi_timestamp":0,"patience":1}
BUZZ: 31|9|{"X":-0.59,"Y":-0.31,"role":"cooperator","dropped_pheromone":"home","last_poi_timestamp":6,"patience":1}
BUZZ: 31|4|{"X":2.21,"Y":-0.73,"role":"cooperator","dropped_pheromone":"home","last_poi_timestamp":5,"patience":1}
BUZZ: 31|0|{"X":2.35,"Y":-0.17,"role":"cooperator","dropped_pheromone":"home","last_poi_timestamp":4,"patience":1}
BUZZ: 31|11|{"X":-1.85,"Y":0.25,"role":"cooperator","dropped_pheromone":"home","last_poi_timestamp":9,"patience":1}
BUZZ: 31|2|{"X":0.39,"Y":-2.27,"role":"cooperator","dropped_pheromone":"home","last_poi_timestamp":0,"patience":1}
BUZZ: 31|10|{"X":1.65,"Y":1.09,"role":"cooperator","dropped_pheromone":"home","last_poi_timestamp":10,"patience":1}
BUZZ: 32|8|{"X":-1.99,"Y":0.53,"role":"cooperator","dropped_pheromone":"home","last_poi_timestamp":6,"patience":1}
BUZZ: 32|10|{"X":1.65,"Y":1.23,"role":"cooperator","dropped_pheromone":"home","last_poi_timestamp":10,"patience":1}
BUZZ: 32|0|{"X":2.35,"Y":-0.31,"role":"cooperator","dropped_pheromone":"home","last_poi_timestamp":4,"patience":1}
BUZZ: 32|9|{"X":-0.73,"Y":-0.31,"role":"cooperator","dropped_pheromone":"home","last_poi_timestamp":6,"patience":1}
BUZZ: 32|2|{"X":0.39,"Y":-2.41,"role":"cooperator","dropped_pheromone":"home","last_poi_timestamp":0,"patience":1}
BUZZ: 32|6|{"X":-1.85,"Y":0.53,"role":"cooperator","dropped_pheromone":"home","last_poi_timestamp":8,"patience":1}
BUZZ: 32|7|{"X":-0.73,"Y":2.49,"role":"cooperator","dropped_pheromone":"home","last_poi_timestamp":0,"patience":1}
BUZZ: 32|1|{"X":2.49,"Y":-0.45,"role":"BUZZ: 32|5|{"X":0.11,"Y":2.07,"role":"cooperator","dropped_pheromone":"home","last_poi_timestamp":9,"patience":1}
,"patience":1}
BUZZ: 32|3|{"X":0.95,"Y":1.93,"role":"cooperator","dropped_pheromone":"home","last_poi_timestamp":6,"patience":1}
BUZZ: 33|2|{"X":0.53,"Y":-2.41,"role":"cooperator","dropped_pheromone":"home","last_poi_timestamp":0,"patience":1}
BUZZ: 33|4|{"X":2.35-0.73,"role":"cooperator","dropped_pheromone":"home","last_poi_timestamp":5,"patience":1}
BUZZ: 33|11|{"X":-1.99,"Y":0.25,"role":"cooperator","dropped_pheromone":"home","last_poi_timestamp":9,"patience":1}
BUZZ: 33|10|{"X":1.79,"Y":1.23,"role":"cooperator","dropped_pheromone":"home","last_poi_timestamp":10,"patience":1}
BUZZ: 33|5|{"X":0.11,"Y":2.21,"role":"cooperator","dropped_pheromone":"home","last_poi_timestamp":9,"patience":1}
BUZZ: 34|0|{"X":2.49,"Y":-0.31,"role":"cooperator","dropped_pheromone":"home","last_poi_timestamp":4,"patience":1}
BUZZ: 34|9|{"X":-0.73,"Y":-0.45,"role":"cooperator","dropped_pheromone":"home","last_poi_timestamp":6,"patience":1}
BUZZ: 34|1|{"X":2.63,"Y":-0.45,"role":"cooperator","dropped_pheromone":"home","last_poi_timestamp":0,"patience":1}
BUZZ: 34|5|{"X":-0.0300002,"Y":2.21,"role":"cooperator","dropped_pheromone":"home","last_poi_timestamp":9,"patience":1}
BUZZ: 34|7|{"X":-0.87,"Y":2.63,"role":"cooperator","dropped_pheromone":"home","last_poi_timestamp":0,"patience":1}
BUZZ: 35|11|{"X":-2.13,"Y":0.25,"role":"cooperator","dropped_pheromone":"home","last_poi_timestamp":9,"patience":1}
BUZZ: 35|4|{"X":2.49,"Y":-0.87,"role":"cooperator","dropped_pheromone":"home","last_poi_timestamp":5,"patience":1}
BUZZ: 35|6|{"X":-1.99,"Y":0.67,"role":"cooperator","dropped_pheromone":"home","last_poi_timestamp":8,"patience":1}
BUZZ: 35|8|{"X":-2.13,"Y":0.67,"role":"cooperator","dropped_pheromone":"home","last_poi_timestamp":6,"patience":1}
BUZZ: 35|10|{"X":1.79,"Y":1.37,"role":"cooperator","dropped_pheromone":"home","last_poi_timestamp":10,"patience":1}
BUZZ: 35|2|{"X":0.53,"Y":-2.55,"role":"cooperator","dropped_pheromone":"home","last_poi_timestamp":0,"patience":1}
BUZZ: 35|1|{"X":2.77,"Y":-0.45,"role":"cooperator","dropped_pheromone":"home","last_poi_timestamp":0,"patience":1}
BUZZ: 35|3|{"X":1.09,"Y":2.07,"role":"cooperator","dropped_pheromone":"home","last_poi_timestamp":6,"patience":1}
BUZZ: 36|4|{"X":2.63,"Y":-0.87,"role":"cooperator","dropped_pheromone":"home","last_poi_timestamp":5,"patience":1}
BUZZ: 36|6|{"X":-2.13,"Y":0.67,"role":"cooperator","dropped_pheromone":"home","last_poi_timestamp":8,"patience":1}
BUZZ: 36|11|{"X":-2.27,"Y":0.39,"role":"cooperator","dropped_pheromone":"home","last_poi_timestamp":9,"patience":1}
BUZZ: 36|10|{"X":1.93,"Y":1.37,"role":"cooperator","dropped_pheromone":"home","last_poi_timestamp":10,"patience":1}
BUZZ: 36|9|{"X":BUZZ: 36|2,"Y":-0.59,"role":"cooperator","dropped_pheromone":"home","last_poi_timestamp":6,"patience":1}
0.53,"Y":-2.69,"role":"cooperator","dropped_pheromone":"home","last_poi_timestamp":0,"patience":1}
BUZZ: 36|0|{"X":2.63,"Y":-0.45,"role":"cooperator","dropped_pheromone":"home","last_poi_timestamp":4,"patience":1}
BUZZ: 36|5|{"X":-0.0300002,"Y":2.35,"role":"cooperator","dropped_pheromone":"home","last_poi_timestamp":9,"patience":1}
BUZZ: 36|7|{"X":-0.87,"Y":2.77,"role":"cooperator","dropped_pheromone":"home","last_poi_timestamp":0,"patience":1}
BUZZ: 37|4|{"X":2.63,"Y":-1.01,"role":"cooperator","dropped_pheromone":"home","last_poi_timestamp":5,"patience":1}
BUZZ: 37|8|{"X":-2.27,"Y":0.81,"role":"cooperator","dropped_pheromone":"home","last_poi_timestamp":6,"patience":1}
BUZZ: 37|6|{"X":-2.13,"Y":0.81,"role":"cooperator","dropped_pheromone":"home","last_poi_timestamp":8,"patience":1}
BUZZ: 37|0|{"X":2.63,"Y":-0.59,"role":"cooperator","dropped_pheromone":"home","last_poi_timestamp":4,"patience":1}
BUZZ: 37|2|{"X":0.67,"Y":-2.69,"role":"cooperator","dropped_pheromone":"home","last_poi_timestamp":0,"patience":1}
BUZZ: 37|9|{"X":-0.73,"Y":-0.73,"role":"cooperator","dropped_pheromone":"home","last_poi_timestamp":6,"patience":1}
BUZZ: 37|1|{"X":2.91,"Y":-0.59,"role":"cooperator","dropped_pheromone":"home","last_poi_timestamp":0,"patience":1}
BUZZ: 37|3|{"X":1.23,"Y":2.21,"role":"cooperator","dropped_pheromone":"home","last_poi_timestamp":6,"patience":1}
BUZZ: 38|9|{"X":-0.87,"Y":-0.73,"role":"cooperator","dropped_pheromone":"home","last_poi_timestamp":6,"patience":1}
BUZZ: 38|0|{"X":2.77,"Y":-0.59,"role":"cooperator","dropped_pheromone":"home","last_poi_timestamp":4,"patience":1}
BUZZ: 38|11|{"X":-2.41,"Y":0.39,"role":"cooperator","dropped_pheromone":"home","last_poi_timestamp":9,"patience":1}
BUZZ: 38|10|{"X":1.93,"Y":1.51,"role":"cooperator","dropped_pheromone":"home","last_poi_timestamp":10,"patience":1}
BUZZ: 38|3|{"X":1.23,"Y":2.35,"role":"cooperator","dropped_pheromone":"home","last_poi_timestamp":6,"patience":1}
BUZZ: 38|7|{"X":-1.01,"Y":2.91,"role":"cooperator","dropped_pheromone":"home","last_poi_timestamp":0,"patience":1}
BUZZ: 38|5|{"X":-0.0300002,"Y":2.49,"role":"cooperator","dropped_pheromone":"home","last_poi_timestamp":9,"patience":1}
BUZZ: 39|8|{"X":-2.41,"Y":0.81,"role":"cooperator","dropped_pheromone":"home","last_poi_timestamp":6,"patience":1}
BUZZ: 39|4|{"X":2.77,"Y":-1.01,"role":"cooperator","dropped_pheromone":"home","last_poi_timestamp":5,"patience":1}
BUZZ: 39|2|{"X":0.67,"Y":-2.83,"role":"cooperator","dropped_pheromone":"home","last_poi_timestamp":0,"patience":1}
BUZZ: 39|6|{"X":-2.27,"Y":0.81,"role":"cooperator","dropped_pheromone":"home","last_poi_timestamp":8,"patience":1}
BUZZ: 39|5|{"X":-0.0300002,"Y":2.63,"role":"cooperator","dropped_pheromone":"home","last_poi_timestamp":9,"patience":1}
BUZZ: 39|3|{"X":1.37,"Y":2.35,"role":"cooperator","dropped_pheromone":"home","last_poi_timestamp":6,"patience":1}
BUZZ: 39|1|{"X":3.05,"Y":-0.59,"role":"cooperator","dropped_pheromone":"home","last_poi_timestamp":0,"patience":1}
BUZZ: 40|8|{"X":-2.41,"Y":0.95,"role":"cooperator","dropped_pheromone":"home","last_poi_timestamp":6,"patience":1}
BUZZ: 40|0|{"X":2.77,"Y":-0.73,"role":"cooperator","dropped_pheromone":"home","last_poi_timestamp":4,"patience":1}
BUZZ: 40|2|{"X":0.67,"Y":-2.97,"role":"cooperator","dropped_pheromone":"home","last_poi_timestamp":0,"patience":1}
BUZZ: 40|10|{"X":2.07,"Y":1.65,"role":"cooperator","dropped_pheromone":"home","last_poi_timestamp":10,"patience":1}
BUZZ: 40|9|{"X":-0.87,"Y":-0.87,"role":"cooperator","dropped_pheromone":"home","last_poi_timestamp":6,"patience":1}
BUZZ: 40|11|{"X":-2.55,"Y":0.39,"role":"cooperator","dropped_pheromone":"home","last_poi_timestamp":9,"patience":1}BUZZ: 40|6|{"X":-2.27,"Y":0.95,"role":"cooperator","dropped_pheromone":"home","last_poi_timestamp":8,"patience":1}
BUZZ: 40|5|{"X":-0.0300002,"Y":2.77,"role":"cooperator","dropped_pheromone":"home","last_poi_timestamp":9,"patience":1}
BUZZ: 41|0|{"X":2.91,"Y":-0.73,"role":"cooperator","dropped_pheromone":"home","last_poi_timestamp":4,"patience":1}
BUZZ: 41|10|{"X":2.07,"Y":1.79,"role":"cooperator","dropped_pheromone":"home","last_poi_timestamp":10,"patience":1}
BUZZ: 41|1|{"X":3.19,"Y":-0.59,"role":"cooperator","dropped_pheromone":"home","last_poi_timestamp":0,"patience":1}
BUZZ: 41|5|{"X":-0.17,"Y":2.77,"role":"cooperator","dropped_pheromone":"home","last_poi_timestamp":9,"patience":1}
BUZZ: 41|3|{"X":1.37,"Y":2.49,"role":"cooperator","dropped_pheromone":"home","last_poi_timestamp":6,"patience":1}
BUZZ: 41|7|{"X":-1.15,"Y":3.05,"role":"cooperator","dropped_pheromone":"home","last_poi_timestamp":0,"patience":1}
BUZZ: 42|6|{"X":-2.41,"Y":0.95,"role":"cooperator","dropped_pheromone":"home","last_poi_timestamp":8,"patience":1}
BUZZ: 42|4|{"X":2.91,"Y":-1.15,"role":"cooperator","dropped_pheromone":"home","last_poi_timestamp":5,"patience":1}
BUZZ: 42|9|{"X":-1.01,"Y":-1.01,"role":"cooperator","dropped_pheromone":"home","last_poi_timestamp":6,"patience":1}
BUZZ: 42|8|{"X":-2.55,"Y":0.95,"role":"cooperator","dropped_pheromone":"home","last_poi_timestamp":6,"patience":1}
BUZZ: 42|2|{"X":0.67,"Y":-3.11,"role":"cooperator","dropped_pheromone":"home","last_poi_timestamp":0,"patience":1}
BUZZ: 42|10|{"X":2.21,"Y":1.79,"role":"cooperator","dropped_pheromone":"home","last_poi_timestamp":10,"patience":1}
BUZZ: 42|11|{"X":-2.69,"Y":0.39,"role":"cooperator","dropped_pheromone":"home","last_poi_timestamp":9,"patience":1}
BUZZ: 43|8|{"X":-2.55,"Y":1.09,"role":"cooperator","dropped_pheromone":"home","last_poi_timestamp":6,"patience":1}
BUZZ: 43|6|{"X":-2.55,"Y":0.95,"role":"cooperator","dropped_pheromone":"home","last_poi_timestamp":8,"patience":1}
BUZZ: 43|9|{"X":-1.15,"Y":-1.01,"role":"cooperator","dropped_pheromone":"home","last_poi_timestamp":6,"patience":1}
BUZZ: 43|0|{"X":2.91,"Y":-0.87,"role":"cooperator","dropped_pheromone":"home","last_poi_timestamp":4,"patience":1}
BUZZ: 43|5|{"X":-0.17,"Y":2.91,"role":"cooperator","dropped_pheromone":"home","last_poi_timestamp":9,"patience":1}
BUZZ: 43|3|{"X":1.51,"Y":2.63,"role":"cooperator","dropped_pheromone":"home","last_poi_timestamp":6,"patience":1}
BUZZ: 43|7|{"X":-1.29,"Y":3.19,"role":"cooperator","dropped_pheromone":"home","last_poi_timestamp":0,"patience":1}
BUZZ: 43|1|{"X":3.33,"Y":-0.59,"role":"cooperator","dropped_pheromone":"home","last_poi_timestamp":0,"patience":1}
BUZZ: 44|2|{"X":0.81,"Y":-3.25,"role":"cooperator","dropped_pheromone":"home","last_poi_timestamp":0,"patience":1}
BUZZ: 44|4|{"X":3.05,"Y":-1.29,"role":"cooperator","dropped_pheromone":"home","last_poi_timestamp":5,"patience":1}
BUZZ: 44|9|{"X":-1.15BUZZ: 44|10|{"X":2.21,"Y":-1.15,"role":"cooperator","dropped_pheromone":"home","last_poi_timestamp":6,"patience":1}
,"role":"cooperator","dropped_pheromone":"home","last_poi_timestamp":10,"patience":1}
BUZZ: 44|11|{"X":-2.83,"Y":0.39,"role":"cooperator","dropped_pheromone":"home","last_poi_timestamp":9,"patience":1}
BUZZ: 44|7|{"X":-1.29,"Y":3.33,"role":"cooperator","dropped_pheromone":"home","last_poi_timestamp":0,"patience":1}
BUZZ: 44|5|{"X":-0.17,"Y":3.05,"role":"cooperator","dropped_pheromone":"home","last_poi_timestamp":9,"patience":1}
BUZZ: 45|8|{"X":-2.69,"Y":1.09,"role":"cooperator","dropped_pheromone":"home","last_poi_timestamp":6,"patience":1}
BUZZ: 45|0|{"X":3.05,"Y":-1.01,"role":"cooperator","dropped_pheromone":"home"BUZZ: 45|6|{"X":-2.55,"Y":1.09,"role":"cooperator","dropped_pheromone":"home","last_poi_timestamp":8,"patience":1}
1}
BUZZ: 45|2|{"X":0.81,"Y":-3.39,"role":"cooperator","dropped_pheromone":"home","last_poi_timestamp":0,"patience":1}
BUZZ: 45|4|{"X":3.19,"Y":-1.29,"role":"cooperator","dropped_pheromone":"home","last_poi_timestamp":5,"patience":1}
BUZZ: 45|11|{"X":-2.97,"Y":0.39,"role":"cooperator","dropped_pheromone":"home","last_poi_timestamp":9,"patience":1}
BUZZ: 45|10|{"X":2.21,"Y":2.07,"role":"cooperator","dropped_pheromone":"home","last_poi_timestamp":10,"patience":1}
BUZZ: 45|1|{"X":3.47,"Y":-0.59,"role":"cooperator","dropped_pheromone":"home","last_poi_timestamp":0,"patience":1}
BUZZ: 45|7|{"X":-1.43,"Y":3.33,"role":"cooperator","dropped_pheromone":"home","last_poi_timestamp":0,"patience":1}
BUZZ: 45|5|{"X":-0.31,"Y":3.05,"role":"cooperator","dropped_pheromone":"home","last_poi_timestamp":9,"patience":1}
BUZZ: 45|3|{"X":1.51,"Y":2.77,"role":"cooperator","dropped_pheromone":"home","last_poi_timestamp":6,"patience":1}
BUZZ: 46|4|{"X":3.19,"Y":-1.43,"role":"cooperator","dropped_pheromone":"home","last_poi_timestamp":5,"patience":BUZZ: 46|9|{"X":-1.29,"Y":-1.15,"role":"cooperator","dropped_pheromone":"home","last_poi_timestamp":6,"patience":1}

BUZZ: 46|10|{"X":2.35,"Y":2.07,"role":"cooperator","dropped_pheromone":"home","last_poi_timestamp":10,"patience":1}
BUZZ: 46|1|{"X":3.61,"Y":-0.59,"role":"cooperator","dropped_pheromone":"home","last_poi_timestamp":0,"patience":1}
BUZZ: 47|2|{"X":0.95,"Y":-3.39,"role":"cooperator","dropped_pheromone":"home","last_poi_timestamp":0,"patience":1}
BUZZ: 47|8|{"X":-2.83,"Y":1.09,"role":"cooperator","dropped_pheromone":"home","last_poi_timestamp":6,"patience":1}
BUZZ: 47|9|{"X":-1.43,"Y":-1.15,"role":"cooperator","dropped_pheromone":"home","last_poi_timestamp":6,"patience":1}
BUZZ: 47|11|{"X":-3.11,"Y":0.39,"role":"cooperator","dropped_pheromone":"home","last_poi_timestamp":9,"patience":1}
BUZZ: 47|5|{"X":-0.31,"Y":3.19,"role":"cooperator","dropped_pheromone":"home","last_poi_timestamp":9,"patience":1}
BUZZ: 47|7|{"X":-1.43,"Y":3.47,"role":"cooperator","dropped_pheromone":"home","last_poi_timestamp":0,"patience":1}
BUZZ: 47|3|{"X":1.65,"Y":2.91,"role":"cooperator","dropped_pheromone":"home","last_poi_timestamp":6,"patience":1}
BUZZ: 48|4|{"X":3.33,"Y":-1.43,"role":"cooperator","dropped_pheromone":"home","last_poi_timestamp":5,"patience":1}
BUZZ: 48|8|{"X":-2.83,"Y":1.23,"role":"cooperator","dropped_pheromone":"home","last_poi_timestamp":6,"patience":1}
BUZZ: 48|10|{"X":2.35,"Y":2.21,"role":"cooperator","dropped_pheromone":"home","last_poi_timestamp":10,"patience":1}
BUZZ: 48|2|{"X":0.95,"Y":-3.53,"role":"cooperator","dropped_pheromone":"home","last_poi_timestamp":0,"patience":1}
BUZZ: 48|9|{"X":-1.43,"Y":-1.29,"role":"cooperator","dropped_pheromone":"home","last_poi_timestamp":6,"patience":1}
BUZZ: 48|6|{"X":-2.69,"Y":1.09,"role":"cooperator","dropped_pheromone":"home","last_poi_timestamp":8,"patience":1}
BUZZ: 48|0|{"X":3.19,"Y":-1.15,"role":"cooperator","dropped_pheromone":"home","last_poi_timestamp":4,"patience":1}
BUZZ: 48|5|{"X":-0.45,"Y":3.19,"role":"cooperator","dropped_pheromone":"home","last_poi_timestamp":9,"patience":1}
BUZZ: 48|3|{"X":1.79,"Y":2.91,"role":"cooperator","dropped_pheromone":"home","last_poi_timestamp":6,"patience":1}
BUZZ: 48|1|{"X":3.75,"Y":-0.59,"role":"cooperator","dropped_pheromone":"home","last_poi_timestamp":0,"patience":1}
BUZZ: 48|7|{"X":-1.43,"Y":3.61,"role":"cooperator","dropped_pheromone":"home","last_poi_timestamp":0,"patience":1}
BUZZ: 49|2|{"X":1.09,"Y":-3.53,"role":"cooperator","dropped_pheromone":"home","last_poi_timestamp":0,"patience":1}
BUZZ: 49|7|{"X":-1.57,"Y":3.61,"role":"cooperator","dropped_pheromone":"home","last_poi_timestamp":0,"patience":1}
BUZZ: 49|11|{"X":-3.25,"Y":0.39,"role":"cooperator","dropped_pheromone":"home","last_poi_timestamp":9,"patience":1}
BUZZ: 49|3|{"X":1.79,"Y":3.05,"role":"cooperator","dropped_pheromone":"home","last_poi_timestamp":6,"patience":1}
BUZZ: 50|8|{"X":-2.97,"Y":1.23,"role":"cooperator","dropped_pheromone":"home","last_poi_timestamp":6,"patience":1}
BUZZ: 50|0|{"X":3.33,"Y":-1.29,"role":"cooperator","dropped_pheromone":"home","last_poi_timestamp":4,"patience":1}
BUZZ: 50|2|{"X":1.09,"Y":-3.67,"role":"cooperator","dropped_pheromone":"home","last_poi_timestamp":0,"patience":1}
BUZZ: 50|4|{"X":3.47,"Y":-1.57,"role":"cooperator","dropped_pheromone":"home","last_poi_timestamp":5,"patience":1}
BUZZ: 50|10|{"X":2.35,"Y":2.35,"role":"cooperator","dropped_pheromone":"home","last_poi_timestamp":10,"patience":1}
BUZZ: 50|6|{"X":-2.83,"Y":1.23,"role":"cooperator","dropped_pheromone":"home","last_poi_timestamp":8,"patience":1}
BUZZ: 50|9|{"X":-1.57,"Y":-1.29,"role":"cooperator","dropped_pheromone":"home","last_poi_timestamp":6,"patience":1}
BUZZ: 50|3|{"X":1.93,"Y":3.05,"role":"cooperator","dropped_pheromone":"home","last_poi_timestamp":6,"patience":1}
BUZZ: 50|5|{"X":-0.45,"Y":3.33,"role":"cooperator","dropped_pheromone":"home","last_poi_timestamp":9,"patience":1}
BUZZ: 50|1|{"X":3.89,"Y":-0.59,"role":"cooperator","dropped_pheromone":"home","last_poi_timestamp":0,"patience":1}
BUZZ: 51|11|{"X":-3.39,"Y":0.39,"role":"cooperator","dropped_pheromone":"home","last_poi_timestamp":9,"patience":1}
BUZZ: 51|0|{"X":3.33,"Y":-1.43,"role":"cooperator","dropped_pheromone":"home","last_poi_timestamp":4,"patience":1}
BUZZ: 51|10|{"X":2.35,"Y":2.49,"role":"cooperator","dropped_pheromone":"home","last_poi_timestamp":10,"patience":1}
BUZZ: 51|7|{"X":-1.57,"Y":3.75,"role":"cooperator","dropped_pheromone":"home","last_poi_timestamp":0,"patience":1}
BUZZ: 51|3|{"X":1.93,"Y":3.19,"role":"cooperator","dropped_pheromone":"home","last_poi_timestamp":6,"patience":1}
BUZZ: 52|0|{"X":3.47,"Y":-1.43,"role":"cooperator","dropped_pheromone":"home","last_poi_timestamp":4,"patience":1}
BUZZ: 52|4|{"X":3.61,"Y":-1.57,"role":"cooperator","dropped_pheromone":"home","last_poi_timestamp":5,"patience":1}
BUZZ: 52|11|{"X":-3.53,"Y":0.39,"role":"cooperator","dropped_pheromone":"home","last_poi_timestamp":9,"patience":1}
BUZZ: 52|2|{"X":1.09,"Y":-3.81,"role":"cooperator","dropped_pheromone":"home","last_poi_timestamp":0,"patience":1}
BUZZ: 52|9|{"X":-1.71,"Y":-1.29,"role":"cooperator","dropped_pheromone":"home","last_poi_timestamp":6,"patience":1}
BUZZ: 52|1|{"X":4.03,"Y":-0.45,"role":"cooperator","dropped_pheromone":"home","last_poi_timestamp":0,"patience":1}
BUZZ: 52|5|{"X":-0.59,"Y":3.47,"role":"cooperator","dropped_pheromone":"home","last_poi_timestamp":9,"patience":1}
BUZZ: 53|9|{"X":-1.85,"Y":-1.29,"role":"cooperator","dropped_pheromone":"home","last_poi_timestamp":6,"patience":1}
BUZZ: 53|8|{"X":-3.11,"Y":1.23,"role":"cooperator","dropped_pheromone":"home","last_poi_timestamp":6,"patience":1}
BUZZ: 53|2|{"X":1.09,"Y":-3.95,"role":"cooperator","dropped_pheromone":"home","last_poi_timestamp":0,"patience":1}
BUZZ: 53|6|{"X":-2.97,"Y":1.23,"role":"cooperator","dropped_pheromone":"home","last_poi_timestamp":8,"patience":1}
BUZZ: 53|10|{"X":2.35,"Y":2.63,"role":"cooperator","dropped_pheromone":"home","last_poi_timestamp":10,"patience":1}
BUZZ: 53|7|{"X":-1.71,"Y":3.89,"role":"cooperator","dropped_pheromone":"home","last_poi_timestamp":0,"patience":1}
BUZZ: 53|5|{"X":-0.59,"Y":3.61,"role":"cooperator","dropped_pheromone":"home","last_poi_timestamp":9,"patience":1}
BUZZ: 53|3|{"X":2.07,"Y":3.19,"role":"cooperator","dropped_pheromone":"home","last_poi_timestamp":6,"patience":1}
BUZZ: 54|4|{"X":3.75,"Y":-1.57,"role":"cooperator","dropped_pheromone":"home","last_poi_timestamp":5,"patience":1}
BUZZ: 54|0|{"X":3.47,"Y":-1.57,"role":"cooperator","dropped_pheromone":"home","last_poi_timestamp":4,"patience":1}
BUZZ: 54|9|{"X":-1.99,"Y":-1.29,"role":"cooperator","dropped_pheromone":"home","last_poi_timestamp":6,"patience":1}
BUZZ: 54|11|{"X":-3.67,"Y":0.39,"role":"cooperator","dropped_pheromone":"home","last_poi_timestamp":9,"patience":1}
BUZZ: 54|10|{"X":2.35,"Y":2.77,"role":"cooperator","dropped_pheromone":"home","last_poi_timestamp":10,"patience":1}
BUZZ: 54|5|{"X":-0.73,"Y":3.61,"role":"cooperator","dropped_pheromone":"home","last_poi_timestamp":9,"patience":1}
BUZZ: 54|6|{"X":-3.11,"Y":1.23,"role":"cooperator","dropped_pheromone":"home","last_poi_timestamp":8,"patience":1}
BUZZ: 54|1|{"X":4.17,"Y":-0.45,"role":"cooperator","dropped_pheromone":"home","last_poi_timestamp":0,"patience":1}
BUZZ: 55|8|{"X":-3.25,"Y":1.23,"role":"cooperator","dropped_pheromone":"home","last_poi_timestamp":6,"patience":1}
BUZZ: 55|4|{"X":3.89,"Y":-1.57,"role":"cooperator","dropped_pheromone":"home","last_poi_timestamp":5,"patience":1}
BUZZ: 55|10|{"X":2.49,"Y":2.77,"role":"cooperator","dropped_pheromone":"home","last_poi_timestamp":10,"patience":1}
BUZZ: 55|2|{"X":1.23,"Y":-3.95,"role":"cooperator","dropped_pheromone":"home","last_poi_timestamp":0,"patience":1}
BUZZ: 55|9|{"X":-1.99,"Y":-1.43,"role":"cooperator","dropped_pheromone":"home","last_poi_timestamp":6,"patience":1}
BUZZ: 556|{"X":-3.11,"Y":1.37,"role":"cooperator","dropped_pheromone":"home","last_poi_timestamp":8,"patience":1}
BUZZ: 55|11|{"X":-3.81,"Y":0.39,"role":"cooperator","dropped_pheromone":"home","last_poi_timestamp":9,"patience":1}
BUZZ: 55|3|{"X":2.21,"Y":3.19,"role":"cooperator","dropped_pheromone":"home","last_poi_timestamp":6,"patience":1}
BUZZ: 55|1|{"X":4.31,"Y":-0.45,"role":"cooperator","dropped_pheromone":"home","last_poi_timestamp":0,"patience":1}
BUZZ: 55|7|{"X":-1.71,"Y":4.03,"role":"cooperator","dropped_pheromone":"home","last_poi_timestamp":0,"patience":1}
BUZZ: 56|0|{"X":3.61,"Y":-1.71,"role":"cooperator","dropped_pheromone":"home","last_poi_timestamp":4,"patience":1}
BUZZ: 56|11|{"X":-3.81,"Y":0.25,"role":"cooperator","dropped_pheromone":"home","last_poi_timestamp":9,"patience":1}
BUZZ: 56|1|{"X":4.45,"Y":-0.45,"role":"cooperator","dropped_pheromone":"home","last_poi_timestamp":0,"patience":1}
BUZZ: 56|5|{"X":-0.73,"Y":3.75,"role":"cooperator","dropped_pheromone":"home","last_poi_timestamp":9,"patience":1}
BUZZ: 57|10|{"X":2.49,"Y":2.91,"role":"cooperator","dropped_pheromone":"home","last_poi_timestamp":10,"patience":1}
BUZZ: BUZZ: 57|9|{"X":-2.13,"Y":-1.43,"role":"cooperator","dropped_pheromone":"home","last_poi_timestamp":6,"patience":1}
57|0|{"X":3.61,"Y":-1.85,"role":"cooperator","dropped_pheromone":"home","last_poi_timestamp":4,"patience":1}
BUZZ: 57|4|{"X":4.03,"Y":-1.71,"role":"cooperator","dropped_pheromone":"home","last_poi_timestamp":5,"patience":1}
BUZZ: 57|1|{"X":4.45,"Y":-0.31,"role":"cooperator","dropped_pheromone":"home","last_poi_timestamp":0,"patience":1}
BUZZ: 57|7|{"X":-1.85,"Y":4.17,"role":"cooperator","dropped_pheromone":"home","last_poi_timestamp":0,"patience":1}
BUZZ: 57|2|{"X":1.37,"Y":-4.09,"role":"cooperator","dropped_pheromone":"home","last_poi_timestamp":0,"patience":1}
BUZZ: 57|3|{"X":2.35,"Y":3.33,"role":"cooperator","dropped_pheromone":"home","last_poi_timestamp":6,"patience":1}
BUZZ: 58|2|{"X":1.37,"Y":-4.23,"role":"cooperator","dropped_pheromone":"home","last_poi_timestamp":0,"patience":1}
BUZZ: 58|8|{"X":-3.39,"Y":1.37,"role":"cooperator","dropped_pheromone":"home","last_poi_timestamp":6,"patience":1}
BUZZ: 58|5|{"X":-0.87,"Y":3.89,"role":"cooperator","dropped_pheromone":"home","last_poi_timestamp":9,"patience":1}
BUZZ: 58|11|{"X":-3.95,"Y":0.25,"role":"cooperator","dropped_pheromone":"home","last_poi_timestamp":9,"patience":1}
BUZZ: 58|6|{"X":-3.25,"Y":1.37,"role":"cooperator","dropped_pheromone":"home","last_poi_timestamp":8,"patience":1}
BUZZ: 58|7|{"X":-1.85,"Y":4.31,"role":"cooperator","dropped_pheromone":"home","last_poi_timestamp":0,"patience":1}
BUZZ: 59|2|{"X":1.51,"Y":-4.23,"role":"cooperator","dropped_pheromone":"home","last_poi_timestamp":0,"patience":1}
BUZZ: 59|9|{"X":-2.27,"Y":-1.43,"role":"cooperator","dropped_pheromone":"home","last_poi_timestamp":6,"patience":1}
BUZZ: 59|11|{"X":-4.09,"Y":0.25,"role":"cooperator","dropped_pheromone":"home","last_poi_timestamp":9,"patience":1}
BUZZ: 59|0|{"X":3.75,"Y":-1.85,"role":"cooperator","dropped_pheromone":"home","last_poi_timestamp":4,"patience":1}
BUZZ: 59|4|{"X":4.17,"Y":-1.71,"role":"cooperator","dropped_pheromone":"home","last_poi_timestamp":5,"patience":1}
BUZZ: 59|10|{"X":2.49,"Y":3.05,"role":"cooperator","dropped_pheromone":"home","last_poi_timestamp":10,"patience":1}
BUZZ: 59|7|{"X":-1.99,"Y":4.31,"role":"cooperator","dropped_pheromone":"home","last_poi_timestamp":0,"patience":1}
BUZZ: 59|3|{"X":2.49,"Y":3.33,"role":"cooperator","dropped_pheromone":"home","last_poi_timestamp":6,"patience":1}
BUZZ: 60|10|{"X":2.49,"Y":3.19,"role":"cooperator","dropped_pheromone":"home","last_poi_timestamp":10,"patience":1}
BUZZ: 60|5|{"X":-0.87,"Y":4.03,"role":"cooperator","dropped_pheromone":"home","last_poi_timestamp":9,"patience":1}
BUZZ: 61|4|{"X":4.31,"Y":-1.71,"role":"cooperator","dropped_pheromone":"home","last_poi_timestamp":5,"patience":1}
BUZZ: 61|8|{"X":-3.53,"Y":1.37,"role":"cooperator","dropped_pheromone":"home","last_poi_timestamp":6,"patience":1}
BUZZ: 61|2|{"X":1.51,"Y":-4.37,"role":"cooperator","dropped_pheromone":"home","last_poi_timestamp":0,"patience":1}
BUZZ: 61|9|{"X":-2.41,"Y":-1.57,"role":"cooperator","dropped_pheromone":"home","last_poi_timestamp":6,"patience":1}
BUZZ: 61|11|{"X":-4.23,"Y":0.25,"role":"cooperator","dropped_pheromone":"home","last_poi_timestamp":9,"patience":}
BUZZ: 61|0|{"X":3.89,"Y":-1.99,"role":"cooperator","dropped_pheromone":"home","last_poi_timestamp":4,"patience":1}
BUZZ: 61|6|{"X":-3.39,"Y":1.37,"role":"cooperator","dropped_pheromone":"home","last_poi_timestamp":8,"patience":1}
BUZZ: 61|7|{"X":-1.99,"Y":4.45,"role":"cooperator","dropped_pheromone":"home","last_poi_timestamp":0,"patience":1}
BUZZ: 61|3|{"X":2.63,"Y":3.33,"role":"cooperator","dropped_pheromone":"home","last_poi_timestamp":6,"patience":1}
BUZZ: 62|0|{"X":3.89,"Y":-2.13,"role":"cooperator","dropped_pheromone":"home","last_poi_timestamp":4,"patience":1}
BUZZ: 62|10|{"X":2.49,"Y":3.33,"role":"cooperator","dropped_pheromone":"home","last_poi_timestamp":10,"patience":1}
BUZZ: 62|6|{"X":-3.53,"Y":1.37,"role":"cooperator","dropped_pheromone":"home","last_poi_timestamp":8,"patience":1}
BUZZ: 62|11|{"X":-4.37,"Y":0.25,"role":"cooperator","dropped_pheromone":"home","last_poi_timestamp":9,"patience":1}
BUZZ: 62|5|{"X":-1.01,"Y":4.17,"role":"cooperator","dropped_pheromone":"home","last_poi_timestamp":9,"patience":1}
BUZZ: 62|3|{"X":2.77,"Y":3.33,"role":"cooperator","dropped_pheromone":"home","last_poi_timestamp":6,"patience":1}
BUZZ: 62|1|{"X":4.59,"Y":-0.31,"role":"cooperator","dropped_pheromone":"home","last_poi_timestamp":0,"patience":1}
BUZZ: BUZZ: 63|6|{"X":-3.53,"Y":1.51,"role":"cooperator","dropped_pheromone":"home","last_poi_timestamp":8,"patience":1}
|4|{"X":4.45,"Y":-1.85,"role":"cooperator","dropped_pheromone":"home","last_poi_timestamp":5,"patience":1}
BUZZ: 63|9|{"X":-2.55,"Y":-1.57,"role":"cooperator","dropped_pheromone":"home","last_poi_timestamp":6,"patience":1}
BUZZ: 63|11|{"X":-4.37,"Y":0.11,"role":"cooperator","dropped_pheromone":"home","last_poi_timestamp":9,"patience":1}
BUZZ: 63|8|{"X":-3.67,"Y":1.37,"role":"cooperator","dropped_pheromone":"home","last_poi_timestamp":6,"patience":1}
BUZZ: 64|8|{"X":-3.67,"Y":1.51,"role":"cooperator","dropped_pheromone":"home","last_poi_timestamp":6,"patience":1}
BUZZ: 64|2|{"X":1.65,"Y":-4.51,"role":"cooperator","dropped_pheromone":"home","last_poi_timestamp":0,"patience":1}
BUZZ: 64|0|{"X":4.03,"Y":-2.13,"role":"cooperator","dropped_pheromone":"home","last_poi_timestamp":4,"patience":1}
BUZZ: 64|9|{"X":-2.69,"Y":-1.57,"role":"cooperator","dropped_pheromone":"home","last_poi_timestamp":6,"patience":1}
BUZZ: 64|10|{"X":2.49,"Y":3.47,"role":"cooperator","dropped_pheromone":"home","last_poi_timestamp":10,"patience":1}
BUZZ: 64|5|{"X":-1.01,"Y":4.31,"role":"cooperator","dropped_pheromone":"home","last_poi_timestamp":9,"patience":1}
BUZZ: 64|3|{"X":2.91,"Y":3.47,"role":"cooperator","dropped_pheromone":"home","last_poi_timestamp":6,"patience":1}
BUZZ: 64|1|{"X":4.45,"Y":-0.31,"role":"cooperator","dropped_pheromone":"home","last_poi_timestamp":0,"patience":1}
BUZZ: 65|10|{"X":2.49,"Y":3.61,"role":"cooperator","dropped_pheromone":"home","last_poi_timestamp":10,"patience":1}
BUZZ: 65|11|{"X":-4.51,"Y":0.11,"role":"cooperator","dropped_pheromone":"home","last_poi_timestamp":9,"patience":1}
BUZZ: 65|5|{"X":-1.01,"Y":4.45,"role":"cooperator","dropped_pheromone":"home","last_poi_timestamp":9,"patience":1}
BUZZ: 65|2|{"X":1.65,"Y":-4.65,"role":"cooperator","dropped_pheromone":"home","last_poi_timestamp":0,"patience":1}
BUZZ: 66|10|{"X":2.63,"Y":3.61,"role":"cooperator","dropped_pheromone":"home","last_poi_timestamp":10,"patience":1}
BUZZ: 66|9|{"X":-2.83,"Y":-1.57,"role":"BUZZ: 66|8|{"X":-3.81,"Y":1.51,"role":"cooperator","dropped_pheromone":"home","last_poi_timestamp":BUZZ: 66|6|{"X":-3.67,"Y":1.51,"role":"cooperator","dropped_pheromone":"home","last_poi_timestamp":8,"patience":1}
BUZZ: "home","last_poi_timestamp":6,"patience":1}
,"patience":1}
 UZZ: 66|2|{"X":1.79,"Y":-4.65,"role":"","last_poi_timestamp":0,"patience":1}
BUZZ: 66|7|{"X":-2.13,"Y":4.59,"role":"cooperator","dropped_pheromone":"home","last_poi_timestamp":0,"patience":1}
BUZZ: 66|0|{"X":4.17,"Y":-2.27,"role":"cooperator","dropped_pheromone":"home","last_poi_timestamp":4,"patience":1}
BUZZ: 66|1|{"X":4.31,"Y":-0.31,"role":"cooperator","dropped_pheromone":"home","last_poi_timestamp":0,"patience":1}
BUZZ: 66|5|{"X":-1.15,"Y":4.45,"role":"cooperator","dropped_pheromone":"home","last_poi_timestamp":9,"patience":1}
BUZZ: 66|3|{"X":3.05,"Y":3.47,"role":"cooperator","dropped_pheromone":"home","last_poi_timestamp":6,"patience":1}
BUZZ: 67|6|{"X":-3.81,"Y":1.51,"role":"cooperator","dropped_pheromone":"home","last_poi_timestamp":8,"patience":1}
BUZZ: 67|0|{"X":4.17,"Y":-2.41,"role":"cooperator","dropped_pheromone":"home","last_poi_timestamp":4,"patience":1}
BUZZ: 67|2|{"X":1.79,"Y":-4.51,"role":"cooperator","dropped_pheromone":"home","last_poi_timestamp":0,"patience":1}
BUZZ: 68|10|{"X":2.63,"Y":3.75,"role":"cooperator","dropped_pheromone":"home","last_poi_timestamp":10,"patience":1}
BUZZ: 68|9|{"X":-2.97,"Y":-1.57,"role":"cooperator","dropped_pheromone":"home","last_poi_timestamp":6,"patience":1}
BUZZ: 68|2|{"X":1.65,"Y":-4.51,"role":"cooperator","dropped_pheromone":"home","last_poi_timestamp":0,"patience":1}
BUZZ: 68|7|{"X":-2.13,"Y":4.45,"role":"cooperator","dropped_pheromone":"home","last_poi_timestamp":0,"patience":1}
BUZZ: 68|1|{"X":4.17,"Y":-0.17,"role":"cooperator","dropped_pheromone":"home","last_poi_timestamp":0,"patience":1}
BUZZ: 68|3|{"X":3.19,"Y":3.47,"role":"cooperator","dropped_pheromone":"home","last_poi_timestamp":6,"patience":1}
BUZZ: 69|0|{"X":4.31,"Y":-2.41,"role":"cooperator","dropped_pheromone":"home","last_poi_timestamp":4,"patience":1}
BUZZ: 69|8|{"X":-3.95,"Y":1.51,"role":"cooperator","dropped_pheromone":"home","last_poi_timestamp":6,"patience":1}
BUZZ: 69|6|{"X":-3.81,"Y":1.65,"role":"cooperator","dropped_pheromone":"home","last_poi_timestamp":8,"patience":1}
BUZZ: 69|3|{"X":3.33,"Y":3.47,"role":"cooperator","dropped_pheromone":"home","last_poi_timestamp":6,"patience":1}
BUZZ: 70|2|{"X":1.79,"Y":-4.37,"role":"cooperator","dropped_pheromone":"home","last_poi_timestamp":0,"patience":1}
BUZZ: 70|10|{"X":2.77,"Y":3.89,"role":"cooperator","dropped_pheromone":"home","last_poi_timestamp":10,"patience":1}
BUZZ: 70|9|{"X":-3.11,"Y":-1.57,"role":"cooperator","dropped_pheromone":"home","last_poi_timestamp":6,"patience":1}
BUZZ: 70|4|{"X":4.59,"Y":-1.85,"role":"cooperator","dropped_pheromone":"home","last_poi_timestamp":5,"patience":1}
BUZZ: 70|1|{"X":4.03,"Y":-0.17,"role":"cooperator","dropped_pheromone":"home","last_poi_timestamp":0,"patience":1}
BUZZ: 70|7|{"X":-2.13,"Y":4.31,"role":"cooperator","dropped_pheromone":"home","last_poi_timestamp":0,"patience":1}
BUZZ: 70|3|{"X":3.33,"Y":3.61,"role":"cooperator","dropped_pheromone":"home","last_poi_timestamp":6,"patience":1}
BUZZ: 70|5|{"X":-1.15,"Y":4.59,"role":"cooperator","dropped_pheromone":"home","last_poi_timestamp":9,"patience":1}
BUZZ: 71|0|{"X":4.45,"Y":-2.55,"role":"cooperator","dropped_pheromone":"home","last_poi_timestamp":4,"patience":1}
BUZZ: 71|11|{"X":-4.65,"Y":0.11,"role":"cooperator","dropped_pheromone":"home","last_poi_timestamp":9,"patience":1}
BUZZ: 71|2|{"X":1.79,"Y":","dropped_pheromone":"home","last_poi_timestamp":0,"patience":1}
BUZZ: 71|6|{"X":-3.95,"Y":1.65,"role":"cooperator","dropped_pheromone":"home","last_poi_timestamp":8,"patience":1}
BUZZ: 71|4|{"X":4.59,"Y":-1.99,"role":"cooperator","dropped_pheromone":"home","last_poi_timestamp":5,"patience":1}
BUZZ: 71|1|{"X":3.89,"Y":-0.17,"role":"cooperator","dropped_pheromone":"home","last_poi_timestamp":0,"patience":1}
BUZZ: 72|8|{"X":-4.09,"Y":1.65,"role":"cooperator","dropped_pheromone":"home","last_poi_timestamp":6,"patience":1}
BUZZ: 72|6|{"X":-3.95,"Y":1.79,"role":"cooperator","dropped_pheromone":"home","last_poi_timestamp":8,"patience":1}
BUZZ: 72|0|{"X":4.45,"Y":-2.69,"role":"cooperator","dropped_pheromone":"home","last_poi_timestamp":4,"patience":1}
BUZZ: 72|10|{"X":2.77,"Y":4.03,"role":"cooperator","dropped_pheromone":"home","last_poi_timestamp":,"patience":1}
BUZZ: 72|5|{"X":-1.15,"Y":4.45,"role":"cooperator","dropped_pheromone":"home","last_poi_timestamp":9,"patience":1}
BUZZ: 72|3|{"X":3.47,"Y":3.61,"role":"cooperator","dropped_pheromone":"home","last_poi_timestamp":6,"patience":1}
BUZZ: 72|7|{"X":-2.13,"Y":4.17,"role":"cooperator","dropped_pheromone":"home","last_poi_timestamp":0,"patience":1}
BUZZ: 72|9|{"X":-3.25,"Y":-1.43,"role":"cooperator","dropped_pheromone":"home","last_poi_timestamp":6,"patience":1}
BUZZ: 73|0|{"X":4.59,"Y":-2.69,"role":"cooperator","dropped_pheromone":"home","last_poi_timestamp":4,"patience":1}
BUZZ: 73|2|{"X":1.79,"Y":-4.09,"role":"cooperator","dropped_pheromone":"home","last_poi_timestamp":0,"patience":1}
BUZZ: 73|9|{"X":-3.39,"Y":-1.43,"role":"cooperator","dropped_pheromone":"home","last_poi_timestamp":6,"patience":1}
BUZZ: 73|11|{"X":-4.51,"Y":0.11,"role":"cooperator","dropped_pheromone":"home","last_poi_timestamp":9,"patience":1}
BUZZ: 73|4|{"X":4.45,"Y":-1.99,"role":"cooperator","dropped_pheromone":"home","last_poi_timestamp":5,"patience":1}
BUZZ: 73|7|{"X":-2.13,"Y":4.03,"role":"cooperator","dropped_pheromone":"home","last_poi_timestamp":0,"patience":1}
BUZZ: 73|1|{"X":3.75,"Y":-0.17,"role":"cooperator","dropped_pheromone":"home","last_poi_timestamp":0,"patience":1}
BUZZ: 73|3|{"X":3.61,"Y":3.61,"role":"cooperator","dropped_pheromone":"home","last_poi_timestamp":6,"patience":1}
BUZZ: 73|5|{"X":-1.15,"Y":4.31,"role":"cooperator","dropped_pheromone":"home","last_poi_timestamp":9,"patience":1}
BUZZ: 74|10|{"X":2.91,"Y":4.17,"role":"cooperator","dropped_pheromone":"home","last_poi_timestamp":10,"patience":1}
BUZZ: 74|11|{"X":-4.37,"Y":0.11,"role":"cooperator","dropped_pheromone":"home","last_poi_timestamp":9,"patience":1}
BUZZ: 74|4|{"X":4.31,"Y":-1.85,"role":"cooperator","dropped_pheromone":"home","last_poi_timestamp":5,"patience":1}
BUZZ: 74|6|{"X":-4.09,"Y":1.79,"role":"cooperator","dropped_pheromone":"home","last_poi_timestamp":8,"patience":1}
BUZZ: 75|2|{"X":BUZZ: 75|8|{"X":-4.23,"Y":1.79,"role":"cooperator","dropped_pheromone":"home","last_poi_timestamp":6,"patience":1}
1.79,"Y":-3.95,"role":"cooperator","dropped_pheromone":"home","last_poi_timestamp":0,"patience":1}
BUZZ: 75|7|{"X":-2.13,"Y":3.89,"role":"cooperator","dropped_pheromone":"home","last_poi_timestamp":0,"patience":1}
BUZZ: 75|1|{"X":3.61,"Y":-0.0300002,"role":"cooperator","dropped_pheromone":"home","last_poi_timestamp":0,"patience":1}
BUZZ: 75|5|{"X":-1.15,"Y":4.17,"role":"cooperator","dropped_pheromone":"home","last_poi_timestamp":9,"patience":1}
BUZZ: 75|9|{"X":-3.53,"Y":-1.43,"role":"cooperator","dropped_pheromone":"home","last_poi_timestamp":6,"patience":1}
BUZZ: 75|3|{"X":3.75,"Y":3.61,"role":"cooperator","dropped_pheromone":"home","last_poi_timestamp":6,"patience":1}
BUZZ: 76|0|{"X":4.59,"Y":-2.83,"role":"cooperator","dropped_pheromone":"home","last_poi_timestamp":4,"patience":1}
BUZZ: 76|8|{"X":-4.37,"Y":1.79,"role":"cooperator","dropped_pheromone":"home","last_poi_timestamp":6,"patience":1}
BUZZ: 76|11|{"X":-4.23,"Y":0.11,"role":"cooperator","dropped_pheromone":"home","last_poi_timestamp":9,"patience":1}
BUZZ: 76|10|{"X":2.91,"Y":4.31,"role":"cooperator","dropped_pheromone":"home","last_poi_timestamp":10,"patience":1}
BUZZ: 76|4|{"X":4.17,"Y":-1.85,"role":"cooperator","dropped_pheromone":"home","last_poi_timestamp":5,"patience":1}
BUZZ: 76|5|{"X":-1.15,"Y":4.03,"role":"cooperator","dropped_pheromone":"home","last_poi_timestamp":9,"patience":1}
BUZZ: 76|7|{"X":-2.13,"Y":3.75,"role":"cooperator","dropped_pheromone":"home","last_poi_timestamp":0,"patience":1}
BUZZ: 77|6|{"X":-4.23,"Y":1.93,"role":"cooperator","dropped_pheromone":"home","last_poi_timestamp":8,"patience":1}
BUZZ: 77|9|{"X":-3.67,"Y":-1.43,"role":"cooperator","dropped_pheromone":"home","last_poi_timestamp":6,"patience":1}
BUZZ: 77|2|{"X":1.79,"Y":-3.81,"role":"cooperator","dropped_pheromone":"home","last_poi_timestamp":0,"patience":1}
BUZZ: 77|3|{"X":3.89,"Y":3.75,"role":"cooperator","dropped_pheromone":"home","last_poi_timestamp":6,"patience":1}
BUZZ: 77|7|{"X":-2.27,"Y":3.75,"role":"cooperator","dropped_pheromone":"home","last_poi_timestamp":0,"patience":1}
BUZZ: 77|1|{"X":3.47,"Y":-0.0300002,"role":"cooperator","dropped_pheromone":"home","last_poi_timestamp":0,"patience":1}
BUZZ: 77|5|{"X":-1.29,"Y":4.03,"role":"cooperator","dropped_pheromone":"home","last_poi_timestamp":9,"patience":1}
BUZZ: 78|4|{"X":4.03,"Y":-1.85,"role":"cooperator","dropped_pheromone":"home","last_poi_timestamp":5,"patience":1}
BUZZ: 78|11|{"X":-4.09,"Y":0.11,"role":"cooperator","dropped_pheromone":"home","last_poi_timestamp":9,"patience":1}
BUZZ: 78|8|{"X":-4.37,"Y":1.93,"role":"cooperator","dropped_pheromone":"home","last_poi_timestamp":6,"patience":1}
BUZZ: 78|0|{"X":4.45,"Y":-2.83,"role":"cooperatorBUZZ: 78|10|{"X":3.05,"Y":4.45,"role":"cooperator","dropped_pheromone":"home","last_poi_timestamp":10,"patience":1}
","last_poi_timestamp":4,"patience":1}
BUZZ: 78|2|{"X":1.79,"Y":-3.67,"role":"cooperator","dropped_pheromone":"home","last_poi_timestamp":0,"patience":1}
BUZZ: 78|6|{"X":-4.37,"Y":1.93,"role":"cooperator","dropped_pheromone":"home","last_poi_timestamp":8,"patience":1}
BUZZ: 79|8|{"X":-4.51,"Y":1.93,"role":"cooperator","dropped_pheromone":"home","last_poi_timestamp":6,"patience":1}
BUZZ: 79|1|{"X":3.33,"Y":-0.0300002,"role":"cooperator","dropped_pheromone":"home","last_poi_timestamp":0,"patience":1}
BUZZ: 79|3|{"X":4.03,"Y":3.75,"role":"cooperator","dropped_pheromone":"home","last_poi_timestamp":6,"patience":1}
BUZZ: 79|5|{"X":-1.29,"Y":3.89,"role":"cooperator","dropped_pheromone":"home","last_poi_timestamp":9,"patience":1}
BUZZ: 79|9|{"X":-3.81,"Y":-1.43,"role":"cooperator","dropped_pheromone":"home","last_poi_timestamp":6,"patience":1}
BUZZ: 79|7|{"X":-2.27,"Y":3.61,"role":"cooperator","dropped_pheromone":"home","last_poi_timestamp":0,"patience":1}
BUZZ: 80|0|{"X":4.31,"Y":-2.83,"role":"cooperator","dropped_pheromone":"home","last_poi_timestamp":4,"patience":1}
BUZZ: 80|6|{"X":-4.37,"Y":2.07,"role":"cooperator","dropped_pheromone":"home","last_poi_timestamp":8,"patience":1}
BUZZ: 80|11|{"X":-3.95,"Y":0.11,"role":"cooperator","dropped_pheromone":"home","last_poi_timestamp":9,"patience":1BUZZ: 
80|10|{"X":3.05,"Y":4.59,"role":"cooperator","dropped_pheromone":"home","last_poi_timestamp":10,"patience":1}
BUZZ: 80|2|{"X":1.79,"Y":-3.53,"role":"cooperator","dropped_pheromone":"home","last_poi_timestamp":0,"patience":1}
BUZZ: 80|4|{"X":3.89,"Y":-1.85,"role":"cooperator","dropped_pheromone":"home","last_poi_timestamp":5,"patience":1}
BUZZ: 80|3|{"X":4.17,"Y":3.75,"role":"cooperator","dropped_pheromone":"home","last_poi_timestamp":6,"patience":1}
BUZZ: 80|1|{"X":3.19,"Y":-0.0300002,"role":"cooperator","dropped_pheromone":"home","last_poi_timestamp":0,"patience":1}
BUZZ: 81|4|{"X":3.75,"Y":-1.85,"role":"cooperator","dropped_pheromone":"home","last_poi_timestamp":5,"patience":1BUZZ: 81|11|{"X":-3.81,"Y":0.11,"role":"cooperator","dropped_pheromone":"home","last_poi_timestamp":9,"patience":1}
BUZZ: 81|1|{"X":3.05,"Y":-0.0300002,"role":"cooperator","dropped_pheromone":"home","last_poi_timestamp":0,"patience":1}
BUZZ: 81|7|{"X":-2.27,"Y":3.47,"role":"cooperator","dropped_pheromone":"home","last_poi_timestamp":0,"patience":1}
BUZZ: 81|5|{"X":-1.29,"Y":3.75,"role":"cooperator","dropped_pheromone":"home","last_poi_timestamp":9,"patience":1}
BUZZ: 81|8|{"X":-4.51,"Y":2.07,"role":"cooperator","dropped_pheromone":"home","last_poi_timestamp":6,"patience":1}
BUZZ: 81|9|{"X":-3.95,"Y":-1.29,"role":"cooperator","dropped_pheromone":"home","last_poi_timestamp":6,"patience":1}
BUZZ: 81|3|{"X":4.17,"Y":3.89,"role":"cooperator","dropped_pheromone":"home","last_poi_timestamp":6,"patience":1}
BUZZ: 82|2|{"X":1.79,"Y":-3.39,"role":"cooperator","dropped_pheromone":"home","last_poi_timestamp":0,"patience":1}
BUZZ: 82|4|{"X":3.75,"Y":-1.71,"role":"cooperator","dropped_pheromone":"home","last_poi_timestamp":5,"patience":1}
BUZZ: 82|10|{"X":3.19,"Y":4.59,"role":"cooperator","dropped_pheromone":"home","last_poi_timestamp":10,"patience":1}
BUZZ: 82|8|{"X":-4.65,"Y":2.07,"role":" ,"last_poi_timestamp":6,"patience":1}
BUZZ: 82|9|{"X":-4.09,"Y":-1.29,"role":"cooperator","dropped_pheromone":"home","last_poi_timestamp":6,"patience":1}
BUZZ: 82|0|{"X":4.17,"Y":-2.83,"role":"cooperator","dropped_pheromone":"home","last_poi_timestamp":4,"patience":1}
BUZZ: 82|7|{"X":-2.27,"Y":3.33,"role":"cooperator","dropped_pheromone":"home","last_poi_timestamp":0,"patience":1}
BUZZ: 82|1|{"X":3.05,"Y":-0.17,"role":"cooperator","dropped_pheromone":"home","last_poi_timestamp":0,"patience":1}
BUZZ: 83|0|{"X":4.03,"Y":-2.83,"role":"cooperator","dropped_pheromone":"home","last_poi_timestamp":4,"patience":1}
BUZZ: 83|4|{"X":3.61,"Y":-1.71,"role":"cooperator","dropped_pheromone":"home","last_poi_timestamp":5,"patience":1}
BUZZ: 83|2|{"X":1.79,"Y":-3.25,"role":"cooperator","dropped_pheromone":"home","last_poi_timestamp":0,"patience":1}
BUZZ: 83|11|{"X":-3.67,"Y":-0.0300002,"role":"cooperator","dropped_pheromone":"home","last_poi_timestamp":9,"patience":1}
BUZZ: 83|6|{"X":-4.51,"Y":2.21,"role":"cooperator","dropped_pheromone":"home","last_poi_timestamp":8,"patience":1}
BUZZ: 83|3|{"X":4.31,"Y":3.89,"role":"cooperator","dropped_pheromone":"home","last_poi_timestamp":6,"patience":1}
BUZZ: 83|7|{"X":-2.41,"Y":3.33,"role":"cooperator","dropped_pheromone":"home","last_poi_timestamp":0,"patience":1}
BUZZ: 83|5|{"X":-1.43,"Y":3.61,"role":"cooperator","dropped_pheromone":"home","last_poi_timestamp":9,"patience":1}
BUZZ: 84|9|{"X":-4.23,"Y":-1.29,"role":"cooperator","dropped_pheromone":"home","last_poi_timestamp":6,"patience":1}
BUZZ: 84|2|{"X":1.65,"Y":-3.25,"role":"cooperator","dropped_pheromone":"home","last_poi_timestamp":0,"patience":1}
BUZZ: 84|8|{"X":-4.65,"Y":2.21,"role":"cooperator","dropped_pheromone":"home","last_poi_timestamp":6,"patience":1}
BUZZ: 84|10|{"X":3.19,"Y":4.45,"role":"cooperator","dropped_pheromone":"home","last_poi_timestamp":10,"patience":1}
BUZZ: 84|1|{"X":2.91,"Y":-0.17,"role":"cooperator","dropped_pheromone":"home","last_poi_timestamp":0,"patience":1}
BUZZ: 84|3|{"X":4.45,"Y":3.89,"role":"cooperator","dropped_pheromone":"home","last_poi_timestamp":6,"patience":1}
BUZZ: 84|5|{"X":-1.43,"Y":3.47,"role":"cooperator","dropped_pheromone":"home","last_poi_timestamp":9,"patience":1}
BUZZ: 85|4|{"X":3.47,"Y":-1.71,"role":"cooperator","dropped_pheromone":"home","last_poi_timestamp":5,"patience":1}
BUZZ: 85|10|{"X":3.19,"Y":4.31,"role":"cooperator","dropped_pheromone":"home","last_poi_timestamp":10,"patience":1}
BUZZ: 85|0|{"X":3.89,"Y":-2.83,"role":"cooperator","dropped_pheromone":"home","last_poi_timestamp":4,"patience":1}
BUZZ: 85|11|{"X":-3.53,"Y":-0.0300002,"role":"cooperator","dropped_pheromone":"home","last_poi_timestamp":9,"patience":1}
BUZZ: 85|5|{"X":-1.57,"Y":3.47,"role":"cooperator","dropped_pheromone":"home","last_poi_timestamp":9,"patience":1}
BUZZ: 85|7|{"X":-2.413.19,"role":"cooperator","dropped_pheromone":"home","last_poi_timestamp":0,"patience":1}
BUZZ: 85|3|{"X":4.45,"Y":4.03,"role":"cooperator","dropped_pheromone":"home","last_poi_timestamp":6,"patience":1}
BUZZ: 86|2|{"X":1.65,"Y":-3.11,"role":"cooperator","dropped_pheromone":"home","last_poi_timestamp":0,"patience":1}
BUZZ: 86|6|{"X":-4.65,"Y":2.35,"role":"cooperator","dropped_pheromone":"home","last_poi_timestamp":8,"patience":1}
BUZZ: 86|8|{"X":-4.51,"Y":2.21,"role":"cooperator","dropped_pheromone":"home","last_poi_timestamp":6,"patience":1}
BUZZ: 86|9|{"X":-4.37,"Y":-1.15,"role":"cooperator","dropped_pheromone":"home","last_poi_timestamp":6,"patience":1}
BUZZ: 86|7|{"X":-2.55,"Y":3.19,"role":"cooperator","dropped_pheromone":"home","last_poi_timestamp":0,"patience":1}
BUZZ: 86|1|{"X":2.77,"Y":-0.17,"role":"cooperator","dropped_pheromone":"home","last_poi_timestamp":0,"patience":1}
BUZZ: 87|11|{"X":-3.39,"Y":-0.0300002,"role":"cooperator","dropped_pheromone":"home","last_poi_timestamp":9,"patience":1}
BUZZ: 87|4|{"X":3.33,"Y":-1.71,"role":"cooperator","dropped_pheromone":"home","last_poi_timestamp":5,"patience":1}
BUZZ: 87|0|{"X":3.75,"Y":-2.83,"role":"cooperator","dropped_pheromone":"home","last_poi_timestamp":4,"patience":1}
BUZZ: 87|7|{"X":-2.55,"Y":3.05,"role":"cooperator","dropped_pheromone":"home","last_poi_timestamp":0,"patience":1}
BUZZ: 87|10|{"X":3.19,"Y":4.17,"role":"cooperator","dropped_pheromone":"home","last_poi_timestamp":10,"patience":1}
BUZZ: 87|5|{"X":-1.57,"Y":3.33,"role":"cooperator","dropped_pheromone":"home","last_poi_timestamp":9,"patience":1}
BUZZ: 88|2|{"X":1.65,"Y":-2.97,"role":"cooperator","dropped_pheromone":"home","last_poi_timestamp":0,"patience":1}
BUZZ: 88|8|{"X":-4.37,"Y":2.21,"role":"cooperator","dropped_pheromone":"home","last_poi_timestamp":6,"patience":1}
BUZZ: 88|9|{"X":-4.51,"Y":-1.15,"role":"cooperator","dropped_pheromone":"home","last_poi_timestamp":6,"patience":1}
BUZZ: 88|1|{"X":2.63,"Y":-0.17,"role":"cooperator","dropped_pheromone":"home","last_poi_timestamp":0,"patience":1}
BUZZ: 88|6|{"X":-4.51,"Y":2.35,"role":"cooperator","dropped_pheromone":"home","last_poi_timestamp":8,"patience":1}
BUZZ: 88|4|{"X":3.19,"Y":-1.71,"role":"cooperator","dropped_pheromone":"home","last_poi_timestamp":5,"patience":1}
BUZZ: 89|2|{"X":1.51,"Y":-2.83,"role":"cooperator","dropped_pheromone":"home","last_poi_timestamp":0,"patience":1}
BUZZ: 89|4|{"X":3.19,"Y":-1.57,"role":"cooperator","dropped_pheromone":"home","last_poi_timestamp":5,"patience":1}
BUZZ: 89|11|{"X":-3.25,"Y":-0.0300002,"role":"cooperator","dropped_pheromone":"home","last_poi_timestamp":9,"patience":1}
BUZZ: 89|0|{"X":3.61,"Y":BUZZ: 89|9|{"X":-4.65,"Y":-1.15,"role":"cooperator","dropped_pheromone":"home","last_poi_timestamp":6,"patience":1}
BUZZ: 89|8|{"X":-4.23,"Y":2.21,"role":cooperator","dropped_pheromone":"home","last_poi_timestamp":4,"patience":1}
","dropped_pheromone":"home","last_poi_timestamp":6,"patience":1}
BUZZ: 89|10|{"X":3.19,"Y":4.03,"role":"cooperator","dropped_pheromone":"home","last_poi_timestamp":10,"patience":1}
BUZZ: 89|5|{"X":-1.57,"Y":3.19,"role":"cooperator","dropped_pheromone":"home","last_poi_timestamp":9,"patience":1}
BUZZ: 89|7|{"X":-2.69,"Y":3.05,"role":"cooperator","dropped_pheromone":"home","last_poi_timestamp":0,"patience":1}
BUZZ: 89|1|{"X":2.49,"Y":-0.17,"role":"cooperator","dropped_pheromone":"home","last_poi_timestamp":0,"patience":1}
BUZZ: 89|3|{"X":4.59,"Y":4.03,"role":"cooperator","dropped_pheromone":"home","last_poi_timestamp":6,"patience":1}
BUZZ: 90|6|{"X":-4.37,"Y":2.35,"role":"cooperator","dropped_pheromone":"home","last_poi_timestamp":8,"patience":1}
BUZZ: 90|11|{"X":-3.11,"Y":-0.0300002,"role":"cooperator","dropped_pheromone":"home","last_poi_timestamp":9,"patience":1}
BUZZ: 90|0|{"X":3.47,"Y":-2.83,"role":"cooperator","dropped_pheromone":"home","last_poi_timestamp":4,"patience":1}
BUZZ: 90|1|{"X":2.35,"Y":-0.17,"role":"cooperator","dropped_pheromone":"home","last_poi_timestamp":0,"patience":1}
BUZZ: 91|6|{"X":-4.23,"Y":2.35,"role":"cooperator","dropped_pheromone":"home","last_poi_timestamp":8,"patience":1}
BUZZ: 91|8|{"X":-4.09,"Y":2.21,"role":"cooperator","dropped_pheromone":"home","last_poi_timestamp":6,"patience":1}
BUZZ: 91|2|{"X":1.51,"Y":-2.69,"role":"cooperator","dropped_pheromone":"home","last_poi_timestamp":0,"patience":1}
91|4|{"X":3.05,"Y":-1.57,"role":"cooperator","dropped_pheromone":"home","last_poi_timestamp":5,"patience":1}
BUZZ: 91|10|{"X":3.19,"Y":3.89,"role":"cooperator","dropped_pheromone":"home","last_poi_timestamp":10,"patience":1}
BUZZ: 91|7|{"X":-2.83,"Y":3.05,"role":"cooperator","dropped_pheromone":"home","last_poi_timestamp":0,"patience":1}
BUZZ: 91|3|{"X":4.45,"Y":4.03,"role":"cooperator","dropped_pheromone":"home","last_poi_timestamp":6,"patience":1}
BUZZ: 91|1|{"X":2.35,"Y":-0.31,"role":"cooperator","dropped_pheromone":"home","last_poi_timestamp":0,"patience":1}
BUZZ: 91|5|{"X":-1.71,"Y":3.05,"role":"cooperator","dropped_pheromone":"home","last_poi_timestamp":9,"patience":1}
BUZZ: 92|4|{"X":2.91,"Y":-1.57,"role":"cooperator","dropped_pheromone":"home","last_poi_timestamp":5,"patience":1}
BUZZ: 92|0|{"X":3.33,"Y":-2.83,"role":"cooperator","dropped_pheromone":"home","last_poi_timestamp":4,"patience":1}
BUZZ: 92|9|{"X":-4.65,"Y":-1.01,"role":"cooperator","dropped_pheromone":"home","last_poi_timestamp":6,"patience":1}
BUZZ: 92|11|{"X":-2.97,"Y":-0.0300002,"role":"cooperator","dropped_pheromone":"home","last_poi_timestamp":9,"patience":1}
BUZZ: 92|7|{"X":-2.97,"Y":3.05,"role":"cooperator","dropped_pheromone":"food","last_poi_timestamp":91,"patience":1}
BUZZ: 92|5|{"X":-1.71,"Y":2.91,"role":"cooperator","dropped_pheromone":"home","last_poi_timestamp":9,"patience":1}
BUZZ: 93|6|{"X":-4.09,"Y":2.35,"role":"cooperator","dropped_pheromone":"home","last_poi_timestamp":8,"patience":1}
BUZZ: 93|2|{"X":1.51,"Y":-2.55,"role":"cooperator","dropped_pheromone":"home","last_poi_timestamp":0,"patience":1}
BUZZ: 93|9|{"X":-4.51,"Y":-1.01,"role":"cooperator","dropped_pheromone":"home","last_poi_timestamp":6,"patience":}
BUZZ: 93|10|{"X":3.19,"Y":3.75,"role":"cooperator","dropped_pheromone":"home","last_poi_timestamp":10,"patience":1}
BUZZ: 93|8|{"X":-3.95,"Y":2.21,"role":"cooperator","dropped_pheromone":"home","last_poi_timestamp":6,"patience":1}
BUZZ: 93|3|{"X":4.31,"Y":4.03,"role":"cooperator","dropped_pheromone":"home","last_poi_timestamp":6,"patience":1}
BUZZ: 93|5|{"X":-1.71,"Y":2.77,"role":"cooperator","dropped_pheromone":"home","last_poi_timestamp":9,"patience":1}
BUZZ: 93|1|{"X":2.21,"Y":-0.31,"role":"cooperator","dropped_pheromone":"home","last_poi_timestamp":0,"patience":1}
BUZZ: 94|0|{"X":3.19,"Y":-2.83,"role":"cooperator","dropped_pheromone":"home","last_poi_timestamp":4,"patience":1}
BUZZ: 94|4|{"X":2.77,"Y":-1.57,"role":"cooperator","dropped_pheromone":"home","last_poi_timestamp":5,"patience":1}
BUZZ: 94|11|{"X":-2.83,"Y":-0.0300002,"role":"cooperator","dropped_pheromone":"home","last_poi_timestamp":9,"patience":1}
BUZZ: 94|8|{"X":-3.81,"Y":2.21,"role":"cooperator","dropped_pheromone":"home","last_poi_timestamp":6,"patience":1}
BUZZ: 94|5|{"X":-1.85,"Y":2.77,"role":"cooperator","dropped_pheromone":"home","last_poi_timestamp":9,"patience":1}
BUZZ: 94|3|{"X":4.17,"Y":4.03,"role":"cooperator","dropped_pheromone":"home","last_poi_timestamp":6,"patience":1}
BUZZ: 95|10|{"X":3.33,"Y":3.61,"role":"cooperator","dropped_pheromone":"home","last_poi_timestamp":10,"patience":1}
BUZZ: 95|8|{"X":-3.81,"Y":2.35,"role":"cooperator","dropped_pheromone":"home","last_poi_timestamp":6,"patience":1}
BUZZ: 95|0|{"X":3.05,"Y":-2.83,"role":"cooperator","dropped_pheromone":"home","last_poi_timestamp":4,"patience":BUZZ: 95|9|{"X":-4.37,"Y":-1.01,"role":"cooperator","dropped_pheromone":"home","last_poi_timestamp":6,"patience":1}
BUZZ: 95|2|{"X":1.37,"Y":-2.41,"role":"cooperator","dropped_pheromone":"home","last_poi_timestamp":0,"patience":1}
BUZZ: 95|6|{"X":-3.95,"Y":2.35,"role":"cooperator","dropped_pheromone":"home","last_poi_timestamp":8,"patience":1}
BUZZ: 95|1|{"X":2.07,"Y":-0.31,"role":"cooperator","dropped_pheromone":"home","last_poi_timestamp":0,"patience":1}
BUZZ: 96|11|{"X":-2.69,"Y":-0.0300002,"role":"cooperator","dropped_pheromone":"home","last_poi_timestamp":9,"patience":1}
BUZZ: 96|4|{"X":2.63,"Y":-1.57,"role":"cooperator","dropped_pheromone":"home","last_poi_timestamp":5,"patience":1}
BUZZ: 96|0|{"X":3.05,"Y":-2.97,"role":"cooperator","dropped_pheromone":"home","last_poi_timestamp":4,"patience":1}
BUZZ: 96|7|{"X":-3.11,"Y":3.05,"role":"cooperator","dropped_pheromone":"food","last_poi_timestamp":92,"patience":1}
BUZZ: 96|5|{"X":-1.85,"Y":2.63,"role":"cooperator","dropped_pheromone":"home","last_poi_timestamp":9,"patience":1}
BUZZ: 96|10|{"X":3.33,"Y":3.47,"role":"cooperator","dropped_pheromone":"home","last_poi_timestamp":10,"patience":1}
BUZZ: 96|1|{"X":1.93,"Y":-0.31,"role":"cooperator","dropped_pheromone":"home","last_poi_timestamp":0,"patience":1}
BUZZ: 96|3|{"X":4.03,"Y":4.03,"role":"cooperator","dropped_pheromone":"home","last_poi_timestamp":6,"patience":1}
BUZZ: 97|0|{"X":2.91,"Y":-2.97,"role":"cooperator","dropped_pheromone":"home","last_poi_timestamp":4,"patience":1}
BUZZ: 97|2|{"X":1.37,"Y":-2.27,"role":"cooperator","dropped_pheromone":"home","last_poi_timestamp":0,"patience":1}
BUZZ: 97|6|{"X":-3.81,"Y":2.35,"role":"cooperator","dropped_pheromone":"home","last_poi_timestamp":8,"patience":1}
BUZZ: 97|8|{"X":-3.67,"Y":2.35,"role":"cooperator","dropped_pheromone":"home","last_poi_timestamp":6,"patience":1}
BUZZ: 97|9|{"X":-4.23,"Y":-1.01,"role":"cooperator","dropped_pheromone":"home","last_poi_timestamp":6,"patience":1}
BUZZ: 97|5|{"X":-1.99,"Y":2.63,"role":"cooperator","dropped_pheromone":"home","last_poi_timestamp":9,"patience":1}
BUZZ: 98|6|{"X":-3.67,"Y":2.35,"role":"cooperator","dropped_pheromone":"home","last_poi_timestamp":8,"patience":1}
BUZZ: 98|4|{"X":2.49,"Y":-1.57,"role":"cooperator","dropped_pheromone":"home","last_poi_timestamp":5,"patience":1}
BUZZ: 98|11|{"X":-2.55,"Y":-0.17,"role":"cooperator","dropped_pheromone":"home","last_poi_timestamp":9,"patience":1}
BUZZ: 98|10|{"X":3.33,"Y":3.33,"role":"cooperator","dropped_pheromone":"home","last_poi_timestamp":10,"patience":1}
BUZZ: 98|1|{"X":1.79,"Y":-0.31,"role":"cooperator","dropped_pheromone":"home","last_poi_timestamp":0,"patience":1}
BUZZ: 98|7|{"X":-2.97,"Y":3.05,"role":"cooperator","dropped_pheromone":"food","last_poi_timestamp":96,"patience":1}
BUZZ: 98|3|{"X":3.89,"Y":4.03,"role":"cooperator","dropped_pheromone":"home","last_poi_timestamp":6,"patience":1}
BUZZ: 99|4|{"X":2.35,"Y":-1.57,"role":"cooperator","dropped_pheromone":"home","last_poi_timestamp":5,"patience":1}
BUZZ: 99|8|{"X":-3.53,"Y":2.35,"role":"cooperator","dropped_pheromone":"home","last_poi_timestamp":6,"patience":1}
BUZZ: 99|0|{"X":2.77,"Y":-2.97,"role":"cooperator","dropped_pheromone":"home","last_poi_timestamp":4,"patience":1}
BUZZ: 99|10|{"X":3.33,"Y":3.19,"role":"cooperator","dropped_pheromone":"home","last_poi_timestamp":10,"patience":1}
BUZZ: 99|11|{"X":-2.41,"Y":-0.17,"role":"cooperator","dropped_pheromone":"home","last_poi_timestamp":9,"patience":1}
BUZZ: 99|9|{"X":-4.09,"Y":-1.01,"role":"cooperator","dropped_pheromone":"home","last_poi_timestamp":6,"patience":1}
BUZZ: 99|2|{"X":1.37,"Y":-2.13,"role":"cooperator","dropped_pheromone":"home","last_poi_timestamp":0,"patience":1}
BUZZ: 99|5|{"X":-1.99,"Y":2.49,"role":"cooperator","dropped_pheromone":"home","last_poi_timestamp":9,"patience":1}
